#
# There is insufficient memory for the Java Runtime Environment to continue.
# Native memory allocation (mmap) failed to map 134217728 bytes for G1 virtual space
# Possible reasons:
#   The system is out of physical RAM or swap space
#   The process is running with CompressedOops enabled, and the Java Heap may be blocking the growth of the native heap
# Possible solutions:
#   Reduce memory load on the system
#   Increase physical memory or swap space
#   Check if swap backing store is full
#   Decrease Java heap size (-Xmx/-Xms)
#   Decrease number of Java threads
#   Decrease Java thread stack sizes (-Xss)
#   Set larger code cache with -XX:ReservedCodeCacheSize=
#   JVM is running with Unscaled Compressed Oops mode in which the Java heap is
#     placed in the first 4GB address space. The Java Heap base address is the
#     maximum limit for the native heap growth. Please use -XX:HeapBaseMinAddress
#     to set the Java Heap base and to place the Java Heap above 4GB virtual address.
# This output file may be truncated or incomplete.
#
#  Out of Memory Error (os_windows.cpp:3548), pid=11012, tid=12376
#
# JRE version: OpenJDK Runtime Environment Temurin-17.0.5+8 (17.0.5+8) (build 17.0.5+8)
# Java VM: OpenJDK 64-Bit Server VM Temurin-17.0.5+8 (17.0.5+8, mixed mode, sharing, tiered, compressed oops, compressed class ptrs, g1 gc, windows-amd64)
# No core dump will be written. Minidumps are not enabled by default on client versions of Windows
#

---------------  S U M M A R Y ------------

Command Line: -Dforge.enableGameTest=true -Dforge.logging.console.level=debug -Dforge.logging.markers=REGISTRIES -DignoreList=bootstraplauncher,securejarhandler,asm-commons,asm-util,asm-analysis,asm-tree,asm,JarJarFileSystems,client-extra,fmlcore,javafmllanguage,lowcodelanguage,mclanguage,forge- -Djava.net.preferIPv6Addresses=system -DlegacyClassPath.file=C:\Users\HyperHax\MCreatorWorkspaces\hyperverseforge\build\classpath\runClient_minecraftClasspath.txt -DmergeModules=jna-5.10.0.jar,jna-platform-5.10.0.jar -Dos.version=10.0 --module-path=C:\Users\HyperHax\.mcreator\gradle\caches\modules-2\files-2.1\cpw.mods\bootstraplauncher\1.1.2\c546e00443d8432cda6baa1c860346980742628\bootstraplauncher-1.1.2.jar;C:\Users\HyperHax\.mcreator\gradle\caches\modules-2\files-2.1\cpw.mods\securejarhandler\2.1.4\f47e3b9dd860a7b82154b8f90a650ffd0aaa5582\securejarhandler-2.1.4.jar;C:\Users\HyperHax\.mcreator\gradle\caches\modules-2\files-2.1\org.ow2.asm\asm-commons\9.3\1f2a432d1212f5c352ae607d7b61dcae20c20af5\asm-commons-9.3.jar;C:\Users\HyperHax\.mcreator\gradle\caches\modules-2\files-2.1\org.ow2.asm\asm-util\9.3\9595bc05510d0bd4b610188b77333fe4851a1975\asm-util-9.3.jar;C:\Users\HyperHax\.mcreator\gradle\caches\modules-2\files-2.1\org.ow2.asm\asm-analysis\9.3\4b071f211b37c38e0e9f5998550197c8593f6ad8\asm-analysis-9.3.jar;C:\Users\HyperHax\.mcreator\gradle\caches\modules-2\files-2.1\org.ow2.asm\asm-tree\9.3\78d2ecd61318b5a58cd04fb237636c0e86b77d97\asm-tree-9.3.jar;C:\Users\HyperHax\.mcreator\gradle\caches\modules-2\files-2.1\org.ow2.asm\asm\9.3\8e6300ef51c1d801a7ed62d07cd221aca3a90640\asm-9.3.jar;C:\Users\HyperHax\.mcreator\gradle\caches\modules-2\files-2.1\net.minecraftforge\JarJarFileSystems\0.3.16\e52afbb2599dc7c6f779efea0496d32fc01152e3\JarJarFileSystems-0.3.16.jar --add-modules=ALL-MODULE-PATH --add-opens=java.base/java.util.jar=cpw.mods.securejarhandler --add-opens=java.base/java.lang.invoke=cpw.mods.securejarhandler --add-exports=java.base/sun.security.util=cpw.mods.securejarhandler --add-exports=jdk.naming.dns/com.sun.jndi.dns=java.naming -XX:HeapDumpPath=MojangTricksIntelDriversForPerformance_javaw.exe_minecraft.exe.heapdump -Dos.name=Windows 10 -Dfile.encoding=UTF-8 -Duser.country=US -Duser.language=en -Duser.variant cpw.mods.bootstraplauncher.BootstrapLauncher --launchTarget forgeclientuserdev --version MOD_DEV --assetIndex 1.19 --assetsDir C:\Users\HyperHax\.mcreator\gradle\caches\forge_gradle\assets --gameDir . --fml.forgeVersion 43.2.0 --fml.mcVersion 1.19.2 --fml.forgeGroup net.minecraftforge --fml.mcpVersion 20220805.130853

Host: Intel(R) Celeron(R) N4120 CPU @ 1.10GHz, 4 cores, 7G,  Windows 11 , 64 bit Build 22621 (10.0.22621.1344)
Time: Sun Apr  2 00:03:56 2023 Eastern Daylight Time elapsed time: 112.417143 seconds (0d 0h 1m 52s)

---------------  T H R E A D  ---------------

Current thread (0x0000026c7f24e9b0):  VMThread "VM Thread" [stack: 0x000000d6a8b00000,0x000000d6a8c00000] [id=12376]

Stack: [0x000000d6a8b00000,0x000000d6a8c00000]
Native frames: (J=compiled Java code, j=interpreted, Vv=VM code, C=native code)
V  [jvm.dll+0x676b3a]
V  [jvm.dll+0x831444]
V  [jvm.dll+0x832bee]
V  [jvm.dll+0x833253]
V  [jvm.dll+0x244ce5]
V  [jvm.dll+0x673a49]
V  [jvm.dll+0x66811a]
V  [jvm.dll+0x303ceb]
V  [jvm.dll+0x30b1e6]
V  [jvm.dll+0x35adbe]
V  [jvm.dll+0x35afef]
V  [jvm.dll+0x2dab88]
V  [jvm.dll+0x2d8e3c]
V  [jvm.dll+0x2d840c]
V  [jvm.dll+0x31c31b]
V  [jvm.dll+0x8376fb]
V  [jvm.dll+0x838434]
V  [jvm.dll+0x83894c]
V  [jvm.dll+0x838d24]
V  [jvm.dll+0x838df0]
V  [jvm.dll+0x7e17ea]
V  [jvm.dll+0x6759e5]
C  [ucrtbase.dll+0x29363]
C  [KERNEL32.DLL+0x126bd]
C  [ntdll.dll+0x5a9f8]

VM_Operation (0x000000d6aa9fe450): G1CollectForAllocation, mode: safepoint, requested by thread 0x0000026c20ab36c0


---------------  P R O C E S S  ---------------

Threads class SMR info:
_java_thread_list=0x0000026c1e218d70, length=24, elements={
0x0000026c7a261d80, 0x0000026c7f251880, 0x0000026c7f252430, 0x0000026c7f267240,
0x0000026c7f267bf0, 0x0000026c7f2685a0, 0x0000026c7f26af60, 0x0000026c7f26f3f0,
0x0000026c7f272c50, 0x0000026c7f28d530, 0x0000026c7f23efa0, 0x0000026c7fdff110,
0x0000026c1b6c17b0, 0x0000026c1b26a9b0, 0x0000026c19a99740, 0x0000026c1efafd80,
0x0000026c1efacd60, 0x0000026c1efad230, 0x0000026c1efae0a0, 0x0000026c20ab36c0,
0x0000026c20aae4f0, 0x0000026c20aaf360, 0x0000026c20ab2850, 0x0000026c20aae9c0
}

Java Threads: ( => current thread )
  0x0000026c7a261d80 JavaThread "Render thread" [_thread_blocked, id=9972, stack(0x000000d6a8500000,0x000000d6a8600000)]
  0x0000026c7f251880 JavaThread "Reference Handler" daemon [_thread_blocked, id=15864, stack(0x000000d6a8c00000,0x000000d6a8d00000)]
  0x0000026c7f252430 JavaThread "Finalizer" daemon [_thread_blocked, id=11104, stack(0x000000d6a8d00000,0x000000d6a8e00000)]
  0x0000026c7f267240 JavaThread "Signal Dispatcher" daemon [_thread_blocked, id=5576, stack(0x000000d6a8e00000,0x000000d6a8f00000)]
  0x0000026c7f267bf0 JavaThread "Attach Listener" daemon [_thread_blocked, id=7000, stack(0x000000d6a8f00000,0x000000d6a9000000)]
  0x0000026c7f2685a0 JavaThread "Service Thread" daemon [_thread_blocked, id=1832, stack(0x000000d6a9000000,0x000000d6a9100000)]
  0x0000026c7f26af60 JavaThread "Monitor Deflation Thread" daemon [_thread_blocked, id=19064, stack(0x000000d6a9100000,0x000000d6a9200000)]
  0x0000026c7f26f3f0 JavaThread "C2 CompilerThread0" daemon [_thread_blocked, id=14616, stack(0x000000d6a9200000,0x000000d6a9300000)]
  0x0000026c7f272c50 JavaThread "C1 CompilerThread0" daemon [_thread_blocked, id=20208, stack(0x000000d6a9300000,0x000000d6a9400000)]
  0x0000026c7f28d530 JavaThread "Sweeper thread" daemon [_thread_blocked, id=14564, stack(0x000000d6a9400000,0x000000d6a9500000)]
  0x0000026c7f23efa0 JavaThread "Common-Cleaner" daemon [_thread_blocked, id=7484, stack(0x000000d6a9500000,0x000000d6a9600000)]
  0x0000026c7fdff110 JavaThread "Notification Thread" daemon [_thread_blocked, id=13884, stack(0x000000d6a9700000,0x000000d6a9800000)]
  0x0000026c1b6c17b0 JavaThread "Thread-0" daemon [_thread_blocked, id=8336, stack(0x000000d6a9b00000,0x000000d6a9c00000)]
  0x0000026c1b26a9b0 JavaThread "FileSystemWatchService" daemon [_thread_in_native, id=5948, stack(0x000000d6a9c00000,0x000000d6a9d00000)]
  0x0000026c19a99740 JavaThread "Timer hack thread" daemon [_thread_blocked, id=9580, stack(0x000000d6aa300000,0x000000d6aa400000)]
  0x0000026c1efafd80 JavaThread "modloading-worker-0" daemon [_thread_blocked, id=20092, stack(0x000000d6a9f00000,0x000000d6aa000000)]
  0x0000026c1efacd60 JavaThread "modloading-worker-0" daemon [_thread_blocked, id=17068, stack(0x000000d6aaa00000,0x000000d6aab00000)]
  0x0000026c1efad230 JavaThread "modloading-worker-0" daemon [_thread_blocked, id=736, stack(0x000000d6aab00000,0x000000d6aac00000)]
  0x0000026c1efae0a0 JavaThread "Sound engine" daemon [_thread_blocked, id=10720, stack(0x000000d6aad00000,0x000000d6aae00000)]
  0x0000026c20ab36c0 JavaThread "Worker-Main-1" daemon [_thread_blocked, id=11008, stack(0x000000d6aa900000,0x000000d6aaa00000)]
  0x0000026c20aae4f0 JavaThread "Worker-Main-2" daemon [_thread_blocked, id=4008, stack(0x000000d6aae00000,0x000000d6aaf00000)]
  0x0000026c20aaf360 JavaThread "Narrator" [_thread_blocked, id=13872, stack(0x000000d6aaf00000,0x000000d6ab000000)]
  0x0000026c20ab2850 JavaThread "Worker-Main-3" daemon [_thread_blocked, id=5328, stack(0x000000d6ab000000,0x000000d6ab100000)]
  0x0000026c20aae9c0 JavaThread "IO-Worker-4" [_thread_blocked, id=13436, stack(0x000000d6ab200000,0x000000d6ab300000)]

Other Threads:
=>0x0000026c7f24e9b0 VMThread "VM Thread" [stack: 0x000000d6a8b00000,0x000000d6a8c00000] [id=12376]
  0x0000026c7fd07060 WatcherThread [stack: 0x000000d6a9800000,0x000000d6a9900000] [id=17180]
  0x0000026c7a2bef90 GCTaskThread "GC Thread#0" [stack: 0x000000d6a8600000,0x000000d6a8700000] [id=14844]
  0x0000026c18bccf20 GCTaskThread "GC Thread#1" [stack: 0x000000d6a9600000,0x000000d6a9700000] [id=12480]
  0x0000026c18bcd1d0 GCTaskThread "GC Thread#2" [stack: 0x000000d6a9900000,0x000000d6a9a00000] [id=19548]
  0x0000026c18e5a420 GCTaskThread "GC Thread#3" [stack: 0x000000d6a9a00000,0x000000d6a9b00000] [id=16012]
  0x0000026c7a2d1a40 ConcurrentGCThread "G1 Main Marker" [stack: 0x000000d6a8700000,0x000000d6a8800000] [id=14820]
  0x0000026c7a2d22f0 ConcurrentGCThread "G1 Conc#0" [stack: 0x000000d6a8800000,0x000000d6a8900000] [id=18788]
  0x0000026c7a2eec50 ConcurrentGCThread "G1 Refine#0" [stack: 0x000000d6a8900000,0x000000d6a8a00000] [id=7084]
  0x0000026c1afaa9c0 ConcurrentGCThread "G1 Refine#1" [stack: 0x000000d6a9e00000,0x000000d6a9f00000] [id=13552]
  0x0000026c1f025b90 ConcurrentGCThread "G1 Refine#2" [stack: 0x000000d6aa400000,0x000000d6aa500000] [id=20448]
  0x0000026c1f023ed0 ConcurrentGCThread "G1 Refine#3" [stack: 0x000000d6aa500000,0x000000d6aa600000] [id=17216]
  0x0000026c7f10a360 ConcurrentGCThread "G1 Service" [stack: 0x000000d6a8a00000,0x000000d6a8b00000] [id=18520]

Threads with active compile tasks:

VM state: at safepoint (normal execution)

VM Mutex/Monitor currently owned by a thread:  ([mutex/lock_event])
[0x0000026c7a25fca0] Threads_lock - owner thread: 0x0000026c7f24e9b0
[0x0000026c7a25f8b0] Heap_lock - owner thread: 0x0000026c20ab36c0

Heap address: 0x0000000082800000, size: 2008 MB, Compressed Oops mode: 32-bit

CDS archive(s) mapped at: [0x0000000800000000-0x0000000800bc0000-0x0000000800bc0000), size 12320768, SharedBaseAddress: 0x0000000800000000, ArchiveRelocationMode: 0.
Compressed class space mapped at: 0x0000000800c00000-0x0000000840c00000, reserved size: 1073741824
Narrow klass base: 0x0000000800000000, Narrow klass shift: 0, Narrow klass range: 0x100000000

GC Precious Log:
 CPUs: 4 total, 4 available
 Memory: 8028M
 Large Page Support: Disabled
 NUMA Support: Disabled
 Compressed Oops: Enabled (32-bit)
 Heap Region Size: 1M
 Heap Min Capacity: 8M
 Heap Initial Capacity: 126M
 Heap Max Capacity: 2008M
 Pre-touch: Disabled
 Parallel Workers: 4
 Concurrent Workers: 1
 Concurrent Refinement Workers: 4
 Periodic GC: Disabled

Heap:
 garbage-first heap   total 283648K, used 183579K [0x0000000082800000, 0x0000000100000000)
  region size 1024K, 7 young (7168K), 7 survivors (7168K)
 Metaspace       used 83977K, committed 85248K, reserved 1122304K
  class space    used 11687K, committed 12288K, reserved 1048576K

Heap Regions: E=young(eden), S=young(survivor), O=old, HS=humongous(starts), HC=humongous(continues), CS=collection set, F=free, OA=open archive, CA=closed archive, TAMS=top-at-mark-start (previous, next)
|   0|0x0000000082800000, 0x0000000082900000, 0x0000000082900000|100%|HS|  |TAMS 0x0000000082900000, 0x0000000082800000| Complete 
|   1|0x0000000082900000, 0x0000000082a00000, 0x0000000082a00000|100%|HS|  |TAMS 0x0000000082a00000, 0x0000000082900000| Complete 
|   2|0x0000000082a00000, 0x0000000082b00000, 0x0000000082b00000|100%|HC|  |TAMS 0x0000000082b00000, 0x0000000082a00000| Complete 
|   3|0x0000000082b00000, 0x0000000082c00000, 0x0000000082c00000|100%| O|  |TAMS 0x0000000082c00000, 0x0000000082b00000| Untracked 
|   4|0x0000000082c00000, 0x0000000082d00000, 0x0000000082d00000|100%| O|  |TAMS 0x0000000082d00000, 0x0000000082c00000| Untracked 
|   5|0x0000000082d00000, 0x0000000082e00000, 0x0000000082e00000|100%|HS|  |TAMS 0x0000000082e00000, 0x0000000082d00000| Complete 
|   6|0x0000000082e00000, 0x0000000082f00000, 0x0000000082f00000|100%|HC|  |TAMS 0x0000000082f00000, 0x0000000082e00000| Complete 
|   7|0x0000000082f00000, 0x0000000083000000, 0x0000000083000000|100%| O|  |TAMS 0x0000000083000000, 0x0000000082f00000| Untracked 
|   8|0x0000000083000000, 0x0000000083100000, 0x0000000083100000|100%| O|  |TAMS 0x0000000083100000, 0x0000000083000000| Untracked 
|   9|0x0000000083100000, 0x0000000083200000, 0x0000000083200000|100%| O|  |TAMS 0x0000000083200000, 0x0000000083100000| Untracked 
|  10|0x0000000083200000, 0x0000000083300000, 0x0000000083300000|100%|HS|  |TAMS 0x0000000083300000, 0x0000000083200000| Complete 
|  11|0x0000000083300000, 0x0000000083400000, 0x0000000083400000|100%|HC|  |TAMS 0x0000000083400000, 0x0000000083300000| Complete 
|  12|0x0000000083400000, 0x0000000083500000, 0x0000000083500000|100%| O|  |TAMS 0x0000000083500000, 0x0000000083400000| Untracked 
|  13|0x0000000083500000, 0x0000000083600000, 0x0000000083600000|100%| O|  |TAMS 0x0000000083600000, 0x0000000083500000| Untracked 
|  14|0x0000000083600000, 0x0000000083700000, 0x0000000083700000|100%| O|  |TAMS 0x0000000083700000, 0x0000000083600000| Untracked 
|  15|0x0000000083700000, 0x0000000083800000, 0x0000000083800000|100%| O|  |TAMS 0x0000000083800000, 0x0000000083700000| Untracked 
|  16|0x0000000083800000, 0x0000000083900000, 0x0000000083900000|100%| O|  |TAMS 0x0000000083900000, 0x0000000083800000| Untracked 
|  17|0x0000000083900000, 0x0000000083a00000, 0x0000000083a00000|100%| O|  |TAMS 0x0000000083a00000, 0x0000000083900000| Untracked 
|  18|0x0000000083a00000, 0x0000000083b00000, 0x0000000083b00000|100%| O|  |TAMS 0x0000000083b00000, 0x0000000083a00000| Untracked 
|  19|0x0000000083b00000, 0x0000000083c00000, 0x0000000083c00000|100%| O|  |TAMS 0x0000000083c00000, 0x0000000083b00000| Untracked 
|  20|0x0000000083c00000, 0x0000000083d00000, 0x0000000083d00000|100%|HS|  |TAMS 0x0000000083d00000, 0x0000000083c00000| Complete 
|  21|0x0000000083d00000, 0x0000000083e00000, 0x0000000083e00000|100%|HC|  |TAMS 0x0000000083e00000, 0x0000000083d00000| Complete 
|  22|0x0000000083e00000, 0x0000000083f00000, 0x0000000083f00000|100%| O|  |TAMS 0x0000000083f00000, 0x0000000083e00000| Untracked 
|  23|0x0000000083f00000, 0x0000000084000000, 0x0000000084000000|100%| O|  |TAMS 0x0000000084000000, 0x0000000083f00000| Untracked 
|  24|0x0000000084000000, 0x0000000084100000, 0x0000000084100000|100%| O|  |TAMS 0x0000000084100000, 0x0000000084000000| Untracked 
|  25|0x0000000084100000, 0x0000000084200000, 0x0000000084200000|100%| O|  |TAMS 0x0000000084200000, 0x0000000084100000| Untracked 
|  26|0x0000000084200000, 0x0000000084300000, 0x0000000084300000|100%| O|  |TAMS 0x0000000084300000, 0x0000000084200000| Untracked 
|  27|0x0000000084300000, 0x0000000084400000, 0x0000000084400000|100%| O|  |TAMS 0x0000000084400000, 0x0000000084300000| Untracked 
|  28|0x0000000084400000, 0x0000000084500000, 0x0000000084500000|100%| O|  |TAMS 0x0000000084500000, 0x0000000084400000| Untracked 
|  29|0x0000000084500000, 0x0000000084600000, 0x0000000084600000|100%| O|  |TAMS 0x0000000084600000, 0x0000000084500000| Untracked 
|  30|0x0000000084600000, 0x0000000084700000, 0x0000000084700000|100%| O|  |TAMS 0x0000000084700000, 0x0000000084600000| Untracked 
|  31|0x0000000084700000, 0x0000000084800000, 0x0000000084800000|100%| O|  |TAMS 0x0000000084800000, 0x0000000084700000| Untracked 
|  32|0x0000000084800000, 0x0000000084900000, 0x0000000084900000|100%|HS|  |TAMS 0x0000000084900000, 0x0000000084800000| Complete 
|  33|0x0000000084900000, 0x0000000084a00000, 0x0000000084a00000|100%|HS|  |TAMS 0x0000000084a00000, 0x0000000084900000| Complete 
|  34|0x0000000084a00000, 0x0000000084b00000, 0x0000000084b00000|100%|HC|  |TAMS 0x0000000084b00000, 0x0000000084a00000| Complete 
|  35|0x0000000084b00000, 0x0000000084c00000, 0x0000000084c00000|100%|HS|  |TAMS 0x0000000084c00000, 0x0000000084b00000| Complete 
|  36|0x0000000084c00000, 0x0000000084d00000, 0x0000000084d00000|100%| O|  |TAMS 0x0000000084d00000, 0x0000000084c00000| Untracked 
|  37|0x0000000084d00000, 0x0000000084e00000, 0x0000000084e00000|100%| O|  |TAMS 0x0000000084e00000, 0x0000000084d00000| Untracked 
|  38|0x0000000084e00000, 0x0000000084f00000, 0x0000000084f00000|100%| O|  |TAMS 0x0000000084f00000, 0x0000000084e00000| Untracked 
|  39|0x0000000084f00000, 0x0000000085000000, 0x0000000085000000|100%| O|  |TAMS 0x0000000085000000, 0x0000000084f00000| Untracked 
|  40|0x0000000085000000, 0x0000000085100000, 0x0000000085100000|100%| O|  |TAMS 0x0000000085100000, 0x0000000085000000| Untracked 
|  41|0x0000000085100000, 0x0000000085200000, 0x0000000085200000|100%| O|  |TAMS 0x0000000085200000, 0x0000000085100000| Untracked 
|  42|0x0000000085200000, 0x0000000085300000, 0x0000000085300000|100%| O|  |TAMS 0x0000000085300000, 0x0000000085200000| Untracked 
|  43|0x0000000085300000, 0x0000000085400000, 0x0000000085400000|100%| O|  |TAMS 0x0000000085400000, 0x0000000085300000| Untracked 
|  44|0x0000000085400000, 0x0000000085500000, 0x0000000085500000|100%| O|  |TAMS 0x0000000085500000, 0x0000000085400000| Untracked 
|  45|0x0000000085500000, 0x0000000085600000, 0x0000000085600000|100%| O|  |TAMS 0x0000000085600000, 0x0000000085500000| Untracked 
|  46|0x0000000085600000, 0x0000000085700000, 0x0000000085700000|100%| O|  |TAMS 0x0000000085700000, 0x0000000085600000| Untracked 
|  47|0x0000000085700000, 0x0000000085800000, 0x0000000085800000|100%| O|  |TAMS 0x0000000085800000, 0x0000000085700000| Untracked 
|  48|0x0000000085800000, 0x0000000085900000, 0x0000000085900000|100%| O|  |TAMS 0x0000000085900000, 0x0000000085800000| Untracked 
|  49|0x0000000085900000, 0x0000000085a00000, 0x0000000085a00000|100%| O|  |TAMS 0x0000000085a00000, 0x0000000085900000| Untracked 
|  50|0x0000000085a00000, 0x0000000085b00000, 0x0000000085b00000|100%| O|  |TAMS 0x0000000085b00000, 0x0000000085a00000| Untracked 
|  51|0x0000000085b00000, 0x0000000085c00000, 0x0000000085c00000|100%| O|  |TAMS 0x0000000085c00000, 0x0000000085b00000| Untracked 
|  52|0x0000000085c00000, 0x0000000085d00000, 0x0000000085d00000|100%| O|  |TAMS 0x0000000085d00000, 0x0000000085c00000| Untracked 
|  53|0x0000000085d00000, 0x0000000085e00000, 0x0000000085e00000|100%| O|  |TAMS 0x0000000085d00000, 0x0000000085d00000| Untracked 
|  54|0x0000000085e00000, 0x0000000085f00000, 0x0000000085f00000|100%| O|  |TAMS 0x0000000085f00000, 0x0000000085e00000| Untracked 
|  55|0x0000000085f00000, 0x0000000086000000, 0x0000000086000000|100%| O|  |TAMS 0x0000000086000000, 0x0000000085f00000| Untracked 
|  56|0x0000000086000000, 0x0000000086100000, 0x0000000086100000|100%| O|  |TAMS 0x0000000086100000, 0x0000000086000000| Untracked 
|  57|0x0000000086100000, 0x0000000086200000, 0x0000000086200000|100%| O|  |TAMS 0x0000000086200000, 0x0000000086100000| Untracked 
|  58|0x0000000086200000, 0x0000000086300000, 0x0000000086300000|100%| O|  |TAMS 0x0000000086300000, 0x0000000086200000| Untracked 
|  59|0x0000000086300000, 0x0000000086400000, 0x0000000086400000|100%| O|  |TAMS 0x0000000086400000, 0x0000000086300000| Untracked 
|  60|0x0000000086400000, 0x0000000086500000, 0x0000000086500000|100%| O|  |TAMS 0x0000000086500000, 0x0000000086400000| Untracked 
|  61|0x0000000086500000, 0x0000000086600000, 0x0000000086600000|100%| O|  |TAMS 0x0000000086600000, 0x0000000086500000| Untracked 
|  62|0x0000000086600000, 0x0000000086700000, 0x0000000086700000|100%| O|  |TAMS 0x0000000086700000, 0x0000000086600000| Untracked 
|  63|0x0000000086700000, 0x0000000086800000, 0x0000000086800000|100%| O|  |TAMS 0x0000000086800000, 0x0000000086700000| Untracked 
|  64|0x0000000086800000, 0x0000000086900000, 0x0000000086900000|100%| O|  |TAMS 0x0000000086900000, 0x0000000086800000| Untracked 
|  65|0x0000000086900000, 0x0000000086a00000, 0x0000000086a00000|100%| O|  |TAMS 0x0000000086a00000, 0x0000000086900000| Untracked 
|  66|0x0000000086a00000, 0x0000000086b00000, 0x0000000086b00000|100%| O|  |TAMS 0x0000000086b00000, 0x0000000086a00000| Untracked 
|  67|0x0000000086b00000, 0x0000000086c00000, 0x0000000086c00000|100%| O|  |TAMS 0x0000000086c00000, 0x0000000086b00000| Untracked 
|  68|0x0000000086c00000, 0x0000000086d00000, 0x0000000086d00000|100%| O|  |TAMS 0x0000000086d00000, 0x0000000086c00000| Untracked 
|  69|0x0000000086d00000, 0x0000000086e00000, 0x0000000086e00000|100%|HS|  |TAMS 0x0000000086e00000, 0x0000000086d00000| Complete 
|  70|0x0000000086e00000, 0x0000000086f00000, 0x0000000086f00000|100%|HC|  |TAMS 0x0000000086f00000, 0x0000000086e00000| Complete 
|  71|0x0000000086f00000, 0x0000000087000000, 0x0000000087000000|100%|HC|  |TAMS 0x0000000087000000, 0x0000000086f00000| Complete 
|  72|0x0000000087000000, 0x0000000087100000, 0x0000000087100000|100%|HC|  |TAMS 0x0000000087100000, 0x0000000087000000| Complete 
|  73|0x0000000087100000, 0x0000000087200000, 0x0000000087200000|100%|HC|  |TAMS 0x0000000087200000, 0x0000000087100000| Complete 
|  74|0x0000000087200000, 0x0000000087300000, 0x0000000087300000|100%|HC|  |TAMS 0x0000000087300000, 0x0000000087200000| Complete 
|  75|0x0000000087300000, 0x0000000087400000, 0x0000000087400000|100%|HC|  |TAMS 0x0000000087400000, 0x0000000087300000| Complete 
|  76|0x0000000087400000, 0x0000000087500000, 0x0000000087500000|100%|HC|  |TAMS 0x0000000087500000, 0x0000000087400000| Complete 
|  77|0x0000000087500000, 0x0000000087600000, 0x0000000087600000|100%|HC|  |TAMS 0x0000000087600000, 0x0000000087500000| Complete 
|  78|0x0000000087600000, 0x0000000087700000, 0x0000000087700000|100%|HC|  |TAMS 0x0000000087700000, 0x0000000087600000| Complete 
|  79|0x0000000087700000, 0x0000000087800000, 0x0000000087800000|100%|HC|  |TAMS 0x0000000087800000, 0x0000000087700000| Complete 
|  80|0x0000000087800000, 0x0000000087900000, 0x0000000087900000|100%| O|  |TAMS 0x0000000087900000, 0x0000000087800000| Untracked 
|  81|0x0000000087900000, 0x0000000087a00000, 0x0000000087a00000|100%| O|  |TAMS 0x0000000087a00000, 0x0000000087900000| Untracked 
|  82|0x0000000087a00000, 0x0000000087b00000, 0x0000000087b00000|100%| O|  |TAMS 0x0000000087b00000, 0x0000000087a00000| Untracked 
|  83|0x0000000087b00000, 0x0000000087c00000, 0x0000000087c00000|100%| O|  |TAMS 0x0000000087c00000, 0x0000000087b00000| Untracked 
|  84|0x0000000087c00000, 0x0000000087d00000, 0x0000000087d00000|100%| O|  |TAMS 0x0000000087d00000, 0x0000000087c00000| Untracked 
|  85|0x0000000087d00000, 0x0000000087e00000, 0x0000000087e00000|100%| O|  |TAMS 0x0000000087e00000, 0x0000000087d00000| Untracked 
|  86|0x0000000087e00000, 0x0000000087f00000, 0x0000000087f00000|100%| O|  |TAMS 0x0000000087f00000, 0x0000000087e00000| Untracked 
|  87|0x0000000087f00000, 0x0000000088000000, 0x0000000088000000|100%| O|  |TAMS 0x0000000088000000, 0x0000000087f00000| Untracked 
|  88|0x0000000088000000, 0x0000000088100000, 0x0000000088100000|100%| O|  |TAMS 0x0000000088100000, 0x0000000088000000| Untracked 
|  89|0x0000000088100000, 0x0000000088200000, 0x0000000088200000|100%| O|  |TAMS 0x0000000088200000, 0x0000000088100000| Untracked 
|  90|0x0000000088200000, 0x0000000088300000, 0x0000000088300000|100%| O|  |TAMS 0x0000000088300000, 0x0000000088200000| Untracked 
|  91|0x0000000088300000, 0x0000000088400000, 0x0000000088400000|100%| O|  |TAMS 0x0000000088400000, 0x0000000088300000| Untracked 
|  92|0x0000000088400000, 0x0000000088500000, 0x0000000088500000|100%| O|  |TAMS 0x0000000088500000, 0x0000000088400000| Untracked 
|  93|0x0000000088500000, 0x0000000088600000, 0x0000000088600000|100%| O|  |TAMS 0x0000000088600000, 0x0000000088500000| Untracked 
|  94|0x0000000088600000, 0x0000000088700000, 0x0000000088700000|100%| O|  |TAMS 0x0000000088700000, 0x0000000088600000| Untracked 
|  95|0x0000000088700000, 0x0000000088800000, 0x0000000088800000|100%| O|  |TAMS 0x0000000088800000, 0x0000000088700000| Untracked 
|  96|0x0000000088800000, 0x0000000088900000, 0x0000000088900000|100%| O|  |TAMS 0x0000000088900000, 0x0000000088800000| Untracked 
|  97|0x0000000088900000, 0x0000000088a00000, 0x0000000088a00000|100%| O|  |TAMS 0x0000000088a00000, 0x0000000088900000| Untracked 
|  98|0x0000000088a00000, 0x0000000088b00000, 0x0000000088b00000|100%| O|  |TAMS 0x0000000088b00000, 0x0000000088a00000| Untracked 
|  99|0x0000000088b00000, 0x0000000088c00000, 0x0000000088c00000|100%| O|  |TAMS 0x0000000088c00000, 0x0000000088b00000| Untracked 
| 100|0x0000000088c00000, 0x0000000088d00000, 0x0000000088d00000|100%| O|  |TAMS 0x0000000088d00000, 0x0000000088c00000| Untracked 
| 101|0x0000000088d00000, 0x0000000088e00000, 0x0000000088e00000|100%| O|  |TAMS 0x0000000088e00000, 0x0000000088d00000| Untracked 
| 102|0x0000000088e00000, 0x0000000088f00000, 0x0000000088f00000|100%| O|  |TAMS 0x0000000088f00000, 0x0000000088e00000| Untracked 
| 103|0x0000000088f00000, 0x0000000089000000, 0x0000000089000000|100%| O|  |TAMS 0x0000000089000000, 0x0000000088f00000| Untracked 
| 104|0x0000000089000000, 0x0000000089100000, 0x0000000089100000|100%| O|  |TAMS 0x0000000089100000, 0x0000000089000000| Untracked 
| 105|0x0000000089100000, 0x0000000089200000, 0x0000000089200000|100%| O|  |TAMS 0x0000000089200000, 0x0000000089100000| Untracked 
| 106|0x0000000089200000, 0x0000000089300000, 0x0000000089300000|100%| O|  |TAMS 0x0000000089300000, 0x0000000089200000| Untracked 
| 107|0x0000000089300000, 0x0000000089400000, 0x0000000089400000|100%| O|  |TAMS 0x0000000089400000, 0x0000000089300000| Untracked 
| 108|0x0000000089400000, 0x0000000089500000, 0x0000000089500000|100%| O|  |TAMS 0x0000000089500000, 0x0000000089400000| Untracked 
| 109|0x0000000089500000, 0x0000000089600000, 0x0000000089600000|100%| O|  |TAMS 0x0000000089600000, 0x0000000089500000| Untracked 
| 110|0x0000000089600000, 0x0000000089700000, 0x0000000089700000|100%| O|  |TAMS 0x0000000089700000, 0x0000000089600000| Untracked 
| 111|0x0000000089700000, 0x0000000089800000, 0x0000000089800000|100%| O|  |TAMS 0x0000000089800000, 0x0000000089700000| Untracked 
| 112|0x0000000089800000, 0x0000000089900000, 0x0000000089900000|100%| O|  |TAMS 0x0000000089900000, 0x0000000089800000| Untracked 
| 113|0x0000000089900000, 0x0000000089a00000, 0x0000000089a00000|100%| O|  |TAMS 0x0000000089a00000, 0x0000000089900000| Untracked 
| 114|0x0000000089a00000, 0x0000000089b00000, 0x0000000089b00000|100%| O|  |TAMS 0x0000000089b00000, 0x0000000089a00000| Untracked 
| 115|0x0000000089b00000, 0x0000000089c00000, 0x0000000089c00000|100%| O|  |TAMS 0x0000000089c00000, 0x0000000089b00000| Untracked 
| 116|0x0000000089c00000, 0x0000000089d00000, 0x0000000089d00000|100%| O|  |TAMS 0x0000000089d00000, 0x0000000089c00000| Untracked 
| 117|0x0000000089d00000, 0x0000000089e00000, 0x0000000089e00000|100%| O|  |TAMS 0x0000000089e00000, 0x0000000089d00000| Untracked 
| 118|0x0000000089e00000, 0x0000000089f00000, 0x0000000089f00000|100%| O|  |TAMS 0x0000000089f00000, 0x0000000089e00000| Untracked 
| 119|0x0000000089f00000, 0x000000008a000000, 0x000000008a000000|100%| O|  |TAMS 0x000000008a000000, 0x0000000089f00000| Untracked 
| 120|0x000000008a000000, 0x000000008a100000, 0x000000008a100000|100%| O|  |TAMS 0x000000008a100000, 0x000000008a000000| Untracked 
| 121|0x000000008a100000, 0x000000008a200000, 0x000000008a200000|100%| O|  |TAMS 0x000000008a200000, 0x000000008a100000| Untracked 
| 122|0x000000008a200000, 0x000000008a300000, 0x000000008a300000|100%| O|  |TAMS 0x000000008a300000, 0x000000008a200000| Untracked 
| 123|0x000000008a300000, 0x000000008a400000, 0x000000008a400000|100%| O|  |TAMS 0x000000008a400000, 0x000000008a300000| Untracked 
| 124|0x000000008a400000, 0x000000008a500000, 0x000000008a500000|100%| O|  |TAMS 0x000000008a500000, 0x000000008a400000| Untracked 
| 125|0x000000008a500000, 0x000000008a600000, 0x000000008a600000|100%| O|  |TAMS 0x000000008a600000, 0x000000008a500000| Untracked 
| 126|0x000000008a600000, 0x000000008a700000, 0x000000008a700000|100%| O|  |TAMS 0x000000008a700000, 0x000000008a600000| Untracked 
| 127|0x000000008a700000, 0x000000008a800000, 0x000000008a800000|100%| O|  |TAMS 0x000000008a800000, 0x000000008a700000| Untracked 
| 128|0x000000008a800000, 0x000000008a900000, 0x000000008a900000|100%| O|  |TAMS 0x000000008a900000, 0x000000008a800000| Untracked 
| 129|0x000000008a900000, 0x000000008aa00000, 0x000000008aa00000|100%| O|  |TAMS 0x000000008aa00000, 0x000000008a900000| Untracked 
| 130|0x000000008aa00000, 0x000000008ab00000, 0x000000008ab00000|100%| O|  |TAMS 0x000000008aa00000, 0x000000008aa00000| Untracked 
| 131|0x000000008ab00000, 0x000000008ac00000, 0x000000008ac00000|100%| O|  |TAMS 0x000000008ac00000, 0x000000008ab00000| Untracked 
| 132|0x000000008ac00000, 0x000000008ad00000, 0x000000008ad00000|100%| O|  |TAMS 0x000000008ad00000, 0x000000008ac00000| Untracked 
| 133|0x000000008ad00000, 0x000000008ae00000, 0x000000008ae00000|100%| O|  |TAMS 0x000000008ae00000, 0x000000008ad00000| Untracked 
| 134|0x000000008ae00000, 0x000000008af00000, 0x000000008af00000|100%| O|  |TAMS 0x000000008af00000, 0x000000008ae00000| Untracked 
| 135|0x000000008af00000, 0x000000008b000000, 0x000000008b000000|100%| O|  |TAMS 0x000000008b000000, 0x000000008af00000| Untracked 
| 136|0x000000008b000000, 0x000000008b100000, 0x000000008b100000|100%| O|  |TAMS 0x000000008b100000, 0x000000008b000000| Untracked 
| 137|0x000000008b100000, 0x000000008b200000, 0x000000008b200000|100%| O|  |TAMS 0x000000008b200000, 0x000000008b100000| Untracked 
| 138|0x000000008b200000, 0x000000008b300000, 0x000000008b300000|100%| O|  |TAMS 0x000000008b300000, 0x000000008b200000| Untracked 
| 139|0x000000008b300000, 0x000000008b400000, 0x000000008b400000|100%| O|  |TAMS 0x000000008b400000, 0x000000008b300000| Untracked 
| 140|0x000000008b400000, 0x000000008b500000, 0x000000008b500000|100%| O|  |TAMS 0x000000008b500000, 0x000000008b400000| Untracked 
| 141|0x000000008b500000, 0x000000008b600000, 0x000000008b600000|100%| O|  |TAMS 0x000000008b600000, 0x000000008b500000| Untracked 
| 142|0x000000008b600000, 0x000000008b700000, 0x000000008b700000|100%| O|  |TAMS 0x000000008b700000, 0x000000008b600000| Untracked 
| 143|0x000000008b700000, 0x000000008b800000, 0x000000008b800000|100%| O|  |TAMS 0x000000008b800000, 0x000000008b700000| Untracked 
| 144|0x000000008b800000, 0x000000008b900000, 0x000000008b900000|100%| O|  |TAMS 0x000000008b800000, 0x000000008b800000| Untracked 
| 145|0x000000008b900000, 0x000000008ba00000, 0x000000008ba00000|100%| O|  |TAMS 0x000000008b900000, 0x000000008b900000| Untracked 
| 146|0x000000008ba00000, 0x000000008bb00000, 0x000000008bb00000|100%| O|  |TAMS 0x000000008ba00000, 0x000000008ba00000| Untracked 
| 147|0x000000008bb00000, 0x000000008bc00000, 0x000000008bc00000|100%| O|  |TAMS 0x000000008bb00000, 0x000000008bb00000| Untracked 
| 148|0x000000008bc00000, 0x000000008bd00000, 0x000000008bd00000|100%| O|  |TAMS 0x000000008bc00000, 0x000000008bc00000| Untracked 
| 149|0x000000008bd00000, 0x000000008be00000, 0x000000008be00000|100%| O|  |TAMS 0x000000008bd00000, 0x000000008bd00000| Untracked 
| 150|0x000000008be00000, 0x000000008bf00000, 0x000000008bf00000|100%| O|  |TAMS 0x000000008be00000, 0x000000008be00000| Untracked 
| 151|0x000000008bf00000, 0x000000008c000000, 0x000000008c000000|100%| O|  |TAMS 0x000000008bf00000, 0x000000008bf00000| Untracked 
| 152|0x000000008c000000, 0x000000008c100000, 0x000000008c100000|100%| O|  |TAMS 0x000000008c000000, 0x000000008c000000| Untracked 
| 153|0x000000008c100000, 0x000000008c200000, 0x000000008c200000|100%| O|  |TAMS 0x000000008c100000, 0x000000008c100000| Untracked 
| 154|0x000000008c200000, 0x000000008c300000, 0x000000008c300000|100%| O|  |TAMS 0x000000008c200000, 0x000000008c200000| Untracked 
| 155|0x000000008c300000, 0x000000008c400000, 0x000000008c400000|100%| O|  |TAMS 0x000000008c300000, 0x000000008c300000| Untracked 
| 156|0x000000008c400000, 0x000000008c500000, 0x000000008c500000|100%| O|  |TAMS 0x000000008c400000, 0x000000008c400000| Untracked 
| 157|0x000000008c500000, 0x000000008c600000, 0x000000008c600000|100%| O|  |TAMS 0x000000008c500000, 0x000000008c500000| Untracked 
| 158|0x000000008c600000, 0x000000008c700000, 0x000000008c700000|100%| O|  |TAMS 0x000000008c600000, 0x000000008c600000| Untracked 
| 159|0x000000008c700000, 0x000000008c800000, 0x000000008c800000|100%| O|  |TAMS 0x000000008c700000, 0x000000008c700000| Untracked 
| 160|0x000000008c800000, 0x000000008c900000, 0x000000008c900000|100%| O|  |TAMS 0x000000008c800000, 0x000000008c800000| Untracked 
| 161|0x000000008c900000, 0x000000008ca00000, 0x000000008ca00000|100%| O|  |TAMS 0x000000008c900000, 0x000000008c900000| Untracked 
| 162|0x000000008ca00000, 0x000000008cb00000, 0x000000008cb00000|100%| O|  |TAMS 0x000000008ca00000, 0x000000008ca00000| Untracked 
| 163|0x000000008cb00000, 0x000000008cc00000, 0x000000008cc00000|100%| O|  |TAMS 0x000000008cb00000, 0x000000008cb00000| Untracked 
| 164|0x000000008cc00000, 0x000000008cd00000, 0x000000008cd00000|100%| O|  |TAMS 0x000000008cc00000, 0x000000008cc00000| Untracked 
| 165|0x000000008cd00000, 0x000000008ce00000, 0x000000008ce00000|100%| O|  |TAMS 0x000000008cd00000, 0x000000008cd00000| Untracked 
| 166|0x000000008ce00000, 0x000000008cf00000, 0x000000008cf00000|100%| O|  |TAMS 0x000000008ce00000, 0x000000008ce00000| Untracked 
| 167|0x000000008cf00000, 0x000000008cfa2a00, 0x000000008d000000| 63%| O|  |TAMS 0x000000008cf00000, 0x000000008cf00000| Untracked 
| 168|0x000000008d000000, 0x000000008d000000, 0x000000008d100000|  0%| F|  |TAMS 0x000000008d000000, 0x000000008d000000| Untracked 
| 169|0x000000008d100000, 0x000000008d100000, 0x000000008d200000|  0%| F|  |TAMS 0x000000008d100000, 0x000000008d100000| Untracked 
| 170|0x000000008d200000, 0x000000008d200000, 0x000000008d300000|  0%| F|  |TAMS 0x000000008d200000, 0x000000008d200000| Untracked 
| 171|0x000000008d300000, 0x000000008d300000, 0x000000008d400000|  0%| F|  |TAMS 0x000000008d300000, 0x000000008d300000| Untracked 
| 172|0x000000008d400000, 0x000000008d400000, 0x000000008d500000|  0%| F|  |TAMS 0x000000008d400000, 0x000000008d400000| Untracked 
| 173|0x000000008d500000, 0x000000008d500000, 0x000000008d600000|  0%| F|  |TAMS 0x000000008d500000, 0x000000008d500000| Untracked 
| 174|0x000000008d600000, 0x000000008d600000, 0x000000008d700000|  0%| F|  |TAMS 0x000000008d600000, 0x000000008d600000| Untracked 
| 175|0x000000008d700000, 0x000000008d700000, 0x000000008d800000|  0%| F|  |TAMS 0x000000008d700000, 0x000000008d700000| Untracked 
| 176|0x000000008d800000, 0x000000008d800000, 0x000000008d900000|  0%| F|  |TAMS 0x000000008d800000, 0x000000008d800000| Untracked 
| 177|0x000000008d900000, 0x000000008d900000, 0x000000008da00000|  0%| F|  |TAMS 0x000000008d900000, 0x000000008d900000| Untracked 
| 178|0x000000008da00000, 0x000000008da00000, 0x000000008db00000|  0%| F|  |TAMS 0x000000008da00000, 0x000000008da00000| Untracked 
| 179|0x000000008db00000, 0x000000008db00000, 0x000000008dc00000|  0%| F|  |TAMS 0x000000008db00000, 0x000000008db00000| Untracked 
| 180|0x000000008dc00000, 0x000000008dc00000, 0x000000008dd00000|  0%| F|  |TAMS 0x000000008dc00000, 0x000000008dc00000| Untracked 
| 181|0x000000008dd00000, 0x000000008dd00000, 0x000000008de00000|  0%| F|  |TAMS 0x000000008dd00000, 0x000000008dd00000| Untracked 
| 182|0x000000008de00000, 0x000000008de00000, 0x000000008df00000|  0%| F|  |TAMS 0x000000008de00000, 0x000000008de00000| Untracked 
| 183|0x000000008df00000, 0x000000008df00000, 0x000000008e000000|  0%| F|  |TAMS 0x000000008df00000, 0x000000008df00000| Untracked 
| 184|0x000000008e000000, 0x000000008e000000, 0x000000008e100000|  0%| F|  |TAMS 0x000000008e000000, 0x000000008e000000| Untracked 
| 185|0x000000008e100000, 0x000000008e100000, 0x000000008e200000|  0%| F|  |TAMS 0x000000008e100000, 0x000000008e100000| Untracked 
| 186|0x000000008e200000, 0x000000008e200000, 0x000000008e300000|  0%| F|  |TAMS 0x000000008e200000, 0x000000008e200000| Untracked 
| 187|0x000000008e300000, 0x000000008e300000, 0x000000008e400000|  0%| F|  |TAMS 0x000000008e300000, 0x000000008e300000| Untracked 
| 188|0x000000008e400000, 0x000000008e400000, 0x000000008e500000|  0%| F|  |TAMS 0x000000008e400000, 0x000000008e400000| Untracked 
| 189|0x000000008e500000, 0x000000008e500000, 0x000000008e600000|  0%| F|  |TAMS 0x000000008e500000, 0x000000008e500000| Untracked 
| 190|0x000000008e600000, 0x000000008e600000, 0x000000008e700000|  0%| F|  |TAMS 0x000000008e600000, 0x000000008e600000| Untracked 
| 191|0x000000008e700000, 0x000000008e700000, 0x000000008e800000|  0%| F|  |TAMS 0x000000008e700000, 0x000000008e700000| Untracked 
| 192|0x000000008e800000, 0x000000008e800000, 0x000000008e900000|  0%| F|  |TAMS 0x000000008e800000, 0x000000008e800000| Untracked 
| 193|0x000000008e900000, 0x000000008e900000, 0x000000008ea00000|  0%| F|  |TAMS 0x000000008e900000, 0x000000008e900000| Untracked 
| 194|0x000000008ea00000, 0x000000008ea00000, 0x000000008eb00000|  0%| F|  |TAMS 0x000000008ea00000, 0x000000008ea00000| Untracked 
| 195|0x000000008eb00000, 0x000000008eb00000, 0x000000008ec00000|  0%| F|  |TAMS 0x000000008eb00000, 0x000000008eb00000| Untracked 
| 196|0x000000008ec00000, 0x000000008ec00000, 0x000000008ed00000|  0%| F|  |TAMS 0x000000008ec00000, 0x000000008ec00000| Untracked 
| 197|0x000000008ed00000, 0x000000008eda42c0, 0x000000008ee00000| 64%| S|CS|TAMS 0x000000008ed00000, 0x000000008ed00000| Complete 
| 198|0x000000008ee00000, 0x000000008ef00000, 0x000000008ef00000|100%| S|CS|TAMS 0x000000008ee00000, 0x000000008ee00000| Complete 
| 199|0x000000008ef00000, 0x000000008f000000, 0x000000008f000000|100%| S|CS|TAMS 0x000000008ef00000, 0x000000008ef00000| Complete 
| 200|0x000000008f000000, 0x000000008f100000, 0x000000008f100000|100%| S|CS|TAMS 0x000000008f000000, 0x000000008f000000| Complete 
| 201|0x000000008f100000, 0x000000008f200000, 0x000000008f200000|100%| S|CS|TAMS 0x000000008f100000, 0x000000008f100000| Complete 
| 202|0x000000008f200000, 0x000000008f200000, 0x000000008f300000|  0%| F|  |TAMS 0x000000008f200000, 0x000000008f200000| Untracked 
| 203|0x000000008f300000, 0x000000008f300000, 0x000000008f400000|  0%| F|  |TAMS 0x000000008f300000, 0x000000008f300000| Untracked 
| 204|0x000000008f400000, 0x000000008f400000, 0x000000008f500000|  0%| F|  |TAMS 0x000000008f400000, 0x000000008f400000| Untracked 
| 205|0x000000008f500000, 0x000000008f500000, 0x000000008f600000|  0%| F|  |TAMS 0x000000008f500000, 0x000000008f500000| Untracked 
| 206|0x000000008f600000, 0x000000008f700000, 0x000000008f700000|100%| S|CS|TAMS 0x000000008f600000, 0x000000008f600000| Complete 
| 207|0x000000008f700000, 0x000000008f800000, 0x000000008f800000|100%| S|CS|TAMS 0x000000008f700000, 0x000000008f700000| Complete 
| 208|0x000000008f800000, 0x000000008f800000, 0x000000008f900000|  0%| F|  |TAMS 0x000000008f800000, 0x000000008f800000| Untracked 
| 209|0x000000008f900000, 0x000000008f900000, 0x000000008fa00000|  0%| F|  |TAMS 0x000000008f900000, 0x000000008f900000| Untracked 
| 210|0x000000008fa00000, 0x000000008fa00000, 0x000000008fb00000|  0%| F|  |TAMS 0x000000008fa00000, 0x000000008fa00000| Untracked 
| 211|0x000000008fb00000, 0x000000008fb00000, 0x000000008fc00000|  0%| F|  |TAMS 0x000000008fb00000, 0x000000008fb00000| Untracked 
| 212|0x000000008fc00000, 0x000000008fc00000, 0x000000008fd00000|  0%| F|  |TAMS 0x000000008fc00000, 0x000000008fc00000| Untracked 
| 213|0x000000008fd00000, 0x000000008fd00000, 0x000000008fe00000|  0%| F|  |TAMS 0x000000008fd00000, 0x000000008fd00000| Untracked 
| 214|0x000000008fe00000, 0x000000008fe00000, 0x000000008ff00000|  0%| F|  |TAMS 0x000000008fe00000, 0x000000008fe00000| Untracked 
| 215|0x000000008ff00000, 0x000000008ff00000, 0x0000000090000000|  0%| F|  |TAMS 0x000000008ff00000, 0x000000008ff00000| Untracked 
| 216|0x0000000090000000, 0x0000000090000000, 0x0000000090100000|  0%| F|  |TAMS 0x0000000090000000, 0x0000000090000000| Untracked 
| 217|0x0000000090100000, 0x0000000090100000, 0x0000000090200000|  0%| F|  |TAMS 0x0000000090100000, 0x0000000090100000| Untracked 
| 218|0x0000000090200000, 0x0000000090200000, 0x0000000090300000|  0%| F|  |TAMS 0x0000000090200000, 0x0000000090200000| Untracked 
| 219|0x0000000090300000, 0x0000000090300000, 0x0000000090400000|  0%| F|  |TAMS 0x0000000090300000, 0x0000000090300000| Untracked 
| 220|0x0000000090400000, 0x0000000090400000, 0x0000000090500000|  0%| F|  |TAMS 0x0000000090400000, 0x0000000090400000| Untracked 
| 221|0x0000000090500000, 0x0000000090500000, 0x0000000090600000|  0%| F|  |TAMS 0x0000000090500000, 0x0000000090500000| Untracked 
| 222|0x0000000090600000, 0x0000000090600000, 0x0000000090700000|  0%| F|  |TAMS 0x0000000090600000, 0x0000000090600000| Untracked 
| 223|0x0000000090700000, 0x0000000090700000, 0x0000000090800000|  0%| F|  |TAMS 0x0000000090700000, 0x0000000090700000| Untracked 
| 224|0x0000000090800000, 0x0000000090800000, 0x0000000090900000|  0%| F|  |TAMS 0x0000000090800000, 0x0000000090800000| Untracked 
| 225|0x0000000090900000, 0x0000000090900000, 0x0000000090a00000|  0%| F|  |TAMS 0x0000000090900000, 0x0000000090900000| Untracked 
| 226|0x0000000090a00000, 0x0000000090a00000, 0x0000000090b00000|  0%| F|  |TAMS 0x0000000090a00000, 0x0000000090a00000| Untracked 
| 227|0x0000000090b00000, 0x0000000090b00000, 0x0000000090c00000|  0%| F|  |TAMS 0x0000000090b00000, 0x0000000090b00000| Untracked 
| 228|0x0000000090c00000, 0x0000000090c00000, 0x0000000090d00000|  0%| F|  |TAMS 0x0000000090c00000, 0x0000000090c00000| Untracked 
| 229|0x0000000090d00000, 0x0000000090d00000, 0x0000000090e00000|  0%| F|  |TAMS 0x0000000090d00000, 0x0000000090d00000| Untracked 
| 230|0x0000000090e00000, 0x0000000090e00000, 0x0000000090f00000|  0%| F|  |TAMS 0x0000000090e00000, 0x0000000090e00000| Untracked 
| 231|0x0000000090f00000, 0x0000000090f00000, 0x0000000091000000|  0%| F|  |TAMS 0x0000000090f00000, 0x0000000090f00000| Untracked 
| 232|0x0000000091000000, 0x0000000091000000, 0x0000000091100000|  0%| F|  |TAMS 0x0000000091000000, 0x0000000091000000| Untracked 
| 233|0x0000000091100000, 0x0000000091100000, 0x0000000091200000|  0%| F|  |TAMS 0x0000000091100000, 0x0000000091100000| Untracked 
| 234|0x0000000091200000, 0x0000000091200000, 0x0000000091300000|  0%| F|  |TAMS 0x0000000091200000, 0x0000000091200000| Untracked 
| 235|0x0000000091300000, 0x0000000091300000, 0x0000000091400000|  0%| F|  |TAMS 0x0000000091300000, 0x0000000091300000| Untracked 
| 236|0x0000000091400000, 0x0000000091400000, 0x0000000091500000|  0%| F|  |TAMS 0x0000000091400000, 0x0000000091400000| Untracked 
| 237|0x0000000091500000, 0x0000000091500000, 0x0000000091600000|  0%| F|  |TAMS 0x0000000091500000, 0x0000000091500000| Untracked 
| 238|0x0000000091600000, 0x0000000091600000, 0x0000000091700000|  0%| F|  |TAMS 0x0000000091600000, 0x0000000091600000| Untracked 
| 239|0x0000000091700000, 0x0000000091700000, 0x0000000091800000|  0%| F|  |TAMS 0x0000000091700000, 0x0000000091700000| Untracked 
| 240|0x0000000091800000, 0x0000000091800000, 0x0000000091900000|  0%| F|  |TAMS 0x0000000091800000, 0x0000000091800000| Untracked 
| 241|0x0000000091900000, 0x0000000091900000, 0x0000000091a00000|  0%| F|  |TAMS 0x0000000091900000, 0x0000000091900000| Untracked 
| 242|0x0000000091a00000, 0x0000000091a00000, 0x0000000091b00000|  0%| F|  |TAMS 0x0000000091a00000, 0x0000000091a00000| Untracked 
| 243|0x0000000091b00000, 0x0000000091b00000, 0x0000000091c00000|  0%| F|  |TAMS 0x0000000091b00000, 0x0000000091b00000| Untracked 
| 244|0x0000000091c00000, 0x0000000091c00000, 0x0000000091d00000|  0%| F|  |TAMS 0x0000000091c00000, 0x0000000091c00000| Untracked 
| 245|0x0000000091d00000, 0x0000000091d00000, 0x0000000091e00000|  0%| F|  |TAMS 0x0000000091d00000, 0x0000000091d00000| Untracked 
| 246|0x0000000091e00000, 0x0000000091e00000, 0x0000000091f00000|  0%| F|  |TAMS 0x0000000091e00000, 0x0000000091e00000| Untracked 
| 247|0x0000000091f00000, 0x0000000091f00000, 0x0000000092000000|  0%| F|  |TAMS 0x0000000091f00000, 0x0000000091f00000| Untracked 
| 248|0x0000000092000000, 0x0000000092000000, 0x0000000092100000|  0%| F|  |TAMS 0x0000000092000000, 0x0000000092000000| Untracked 
| 249|0x0000000092100000, 0x0000000092100000, 0x0000000092200000|  0%| F|  |TAMS 0x0000000092100000, 0x0000000092100000| Untracked 
| 250|0x0000000092200000, 0x0000000092200000, 0x0000000092300000|  0%| F|  |TAMS 0x0000000092200000, 0x0000000092200000| Untracked 
| 251|0x0000000092300000, 0x0000000092300000, 0x0000000092400000|  0%| F|  |TAMS 0x0000000092300000, 0x0000000092300000| Untracked 
| 252|0x0000000092400000, 0x0000000092400000, 0x0000000092500000|  0%| F|  |TAMS 0x0000000092400000, 0x0000000092400000| Untracked 
| 253|0x0000000092500000, 0x0000000092500000, 0x0000000092600000|  0%| F|  |TAMS 0x0000000092500000, 0x0000000092500000| Untracked 
| 254|0x0000000092600000, 0x0000000092600000, 0x0000000092700000|  0%| F|  |TAMS 0x0000000092600000, 0x0000000092600000| Untracked 
| 255|0x0000000092700000, 0x0000000092700000, 0x0000000092800000|  0%| F|  |TAMS 0x0000000092700000, 0x0000000092700000| Untracked 
| 256|0x0000000092800000, 0x0000000092800000, 0x0000000092900000|  0%| F|  |TAMS 0x0000000092800000, 0x0000000092800000| Untracked 
| 257|0x0000000092900000, 0x0000000092900000, 0x0000000092a00000|  0%| F|  |TAMS 0x0000000092900000, 0x0000000092900000| Untracked 
| 258|0x0000000092a00000, 0x0000000092a00000, 0x0000000092b00000|  0%| F|  |TAMS 0x0000000092a00000, 0x0000000092a00000| Untracked 
| 259|0x0000000092b00000, 0x0000000092b00000, 0x0000000092c00000|  0%| F|  |TAMS 0x0000000092b00000, 0x0000000092b00000| Untracked 
| 260|0x0000000092c00000, 0x0000000092c00000, 0x0000000092d00000|  0%| F|  |TAMS 0x0000000092c00000, 0x0000000092c00000| Untracked 
| 261|0x0000000092d00000, 0x0000000092d00000, 0x0000000092e00000|  0%| F|  |TAMS 0x0000000092d00000, 0x0000000092d00000| Untracked 
| 390|0x000000009ae00000, 0x000000009ae00000, 0x000000009af00000|  0%| F|  |TAMS 0x000000009ae00000, 0x000000009ae00000| Untracked 
| 391|0x000000009af00000, 0x000000009af00000, 0x000000009b000000|  0%| F|  |TAMS 0x000000009af00000, 0x000000009af00000| Untracked 
| 392|0x000000009b000000, 0x000000009b000000, 0x000000009b100000|  0%| F|  |TAMS 0x000000009b000000, 0x000000009b000000| Untracked 
| 393|0x000000009b100000, 0x000000009b100000, 0x000000009b200000|  0%| F|  |TAMS 0x000000009b100000, 0x000000009b100000| Untracked 
|1997|0x00000000ff500000, 0x00000000ff600000, 0x00000000ff600000|100%| O|  |TAMS 0x00000000ff600000, 0x00000000ff500000| Untracked 
|1998|0x00000000ff600000, 0x00000000ff700000, 0x00000000ff700000|100%| O|  |TAMS 0x00000000ff700000, 0x00000000ff600000| Untracked 
|1999|0x00000000ff700000, 0x00000000ff700000, 0x00000000ff800000|  0%| F|  |TAMS 0x00000000ff700000, 0x00000000ff700000| Untracked 
|2000|0x00000000ff800000, 0x00000000ff900000, 0x00000000ff900000|100%| O|  |TAMS 0x00000000ff900000, 0x00000000ff800000| Untracked 
|2001|0x00000000ff900000, 0x00000000ffa00000, 0x00000000ffa00000|100%| O|  |TAMS 0x00000000ffa00000, 0x00000000ff900000| Untracked 
|2002|0x00000000ffa00000, 0x00000000ffa00000, 0x00000000ffb00000|  0%| F|  |TAMS 0x00000000ffa00000, 0x00000000ffa00000| Untracked 
|2003|0x00000000ffb00000, 0x00000000ffb00000, 0x00000000ffc00000|  0%| F|  |TAMS 0x00000000ffb00000, 0x00000000ffb00000| Untracked 
|2004|0x00000000ffc00000, 0x00000000ffc00000, 0x00000000ffd00000|  0%| F|  |TAMS 0x00000000ffc00000, 0x00000000ffc00000| Untracked 
|2005|0x00000000ffd00000, 0x00000000ffe00000, 0x00000000ffe00000|100%| O|  |TAMS 0x00000000ffe00000, 0x00000000ffd00000| Untracked 
|2006|0x00000000ffe00000, 0x00000000ffe00000, 0x00000000fff00000|  0%| F|  |TAMS 0x00000000ffe00000, 0x00000000ffe00000| Untracked 
|2007|0x00000000fff00000, 0x00000000fff00000, 0x0000000100000000|  0%| F|  |TAMS 0x00000000fff00000, 0x00000000fff00000| Untracked 

Card table byte_map: [0x0000026c7a6e0000,0x0000026c7aad0000] _byte_map_base: 0x0000026c7a2cc000

Marking Bits (Prev, Next): (CMBitMap*) 0x0000026c7a2c1890, (CMBitMap*) 0x0000026c7a2c1850
 Prev Bits: [0x0000026c7ce20000, 0x0000026c7ed80000)
 Next Bits: [0x0000026c7aec0000, 0x0000026c7ce20000)

Polling page: 0x0000026c78170000

Metaspace:

Usage:
  Non-class:     70.60 MB used.
      Class:     11.41 MB used.
       Both:     82.01 MB used.

Virtual space:
  Non-class space:       72.00 MB reserved,      71.25 MB ( 99%) committed,  9 nodes.
      Class space:        1.00 GB reserved,      12.00 MB (  1%) committed,  1 nodes.
             Both:        1.07 GB reserved,      83.25 MB (  8%) committed. 

Chunk freelists:
   Non-Class:  784.00 KB
       Class:  44.00 KB
        Both:  828.00 KB

MaxMetaspaceSize: unlimited
CompressedClassSpaceSize: 1.00 GB
Initial GC threshold: 21.00 MB
Current GC threshold: 97.31 MB
CDS: on
MetaspaceReclaimPolicy: balanced
 - commit_granule_bytes: 65536.
 - commit_granule_words: 8192.
 - virtual_space_node_default_size: 1048576.
 - enlarge_chunks_in_place: 1.
 - new_chunks_are_fully_committed: 0.
 - uncommit_free_chunks: 1.
 - use_allocation_guard: 0.
 - handle_deallocations: 1.


Internal statistics:

num_allocs_failed_limit: 12.
num_arena_births: 1856.
num_arena_deaths: 0.
num_vsnodes_births: 10.
num_vsnodes_deaths: 0.
num_space_committed: 1327.
num_space_uncommitted: 0.
num_chunks_returned_to_freelist: 12.
num_chunks_taken_from_freelist: 5309.
num_chunk_merges: 12.
num_chunk_splits: 3501.
num_chunks_enlarged: 2398.
num_purges: 0.
num_inconsistent_stats: 0.

CodeHeap 'non-profiled nmethods': size=120000Kb used=7220Kb max_used=7757Kb free=112779Kb
 bounds [0x0000026c0f4f0000, 0x0000026c0fc90000, 0x0000026c16a20000]
CodeHeap 'profiled nmethods': size=120000Kb used=13891Kb max_used=14180Kb free=106108Kb
 bounds [0x0000026c07fc0000, 0x0000026c08da0000, 0x0000026c0f4f0000]
CodeHeap 'non-nmethods': size=5760Kb used=2094Kb max_used=2149Kb free=3665Kb
 bounds [0x0000026c07a20000, 0x0000026c07c90000, 0x0000026c07fc0000]
 total_blobs=9940 nmethods=8272 adapters=1580
 compilation: enabled
              stopped_count=0, restarted_count=0
 full_count=0

Compilation events (20 events):
Event: 112.379 Thread 0x0000026c7f26f3f0 10869       4       java.io.WinNTFileSystem::prefixLength (91 bytes)
Event: 112.382 Thread 0x0000026c7f272c50 10870       1       net.minecraft.world.level.block.state.properties.BedPart::getSerializedName (5 bytes)
Event: 112.382 Thread 0x0000026c7f272c50 nmethod 10870 0x0000026c0f6cf010 code [0x0000026c0f6cf1a0, 0x0000026c0f6cf278]
Event: 112.383 Thread 0x0000026c7f272c50 10871       3       com.mojang.blaze3d.vertex.BufferBuilder::clear (23 bytes)
Event: 112.384 Thread 0x0000026c7f272c50 nmethod 10871 0x0000026c08bef010 code [0x0000026c08bef1c0, 0x0000026c08bef3e8]
Event: 112.384 Thread 0x0000026c7f272c50 10872       3       com.mojang.blaze3d.vertex.BufferBuilder::discard (16 bytes)
Event: 112.384 Thread 0x0000026c7f272c50 nmethod 10872 0x0000026c0866b790 code [0x0000026c0866b920, 0x0000026c0866ba38]
Event: 112.388 Thread 0x0000026c7f272c50 10873       3       com.google.common.base.Splitter$5::iterator (12 bytes)
Event: 112.388 Thread 0x0000026c7f26f3f0 nmethod 10869 0x0000026c0f918d90 code [0x0000026c0f918f20, 0x0000026c0f919258]
Event: 112.388 Thread 0x0000026c7f272c50 nmethod 10873 0x0000026c0866b110 code [0x0000026c0866b2e0, 0x0000026c0866b5a8]
Event: 112.389 Thread 0x0000026c7f272c50 10874       3       com.google.common.base.Splitter::access$000 (6 bytes)
Event: 112.389 Thread 0x0000026c7f272c50 nmethod 10874 0x0000026c0866ab90 code [0x0000026c0866ad40, 0x0000026c0866af88]
Event: 112.389 Thread 0x0000026c7f272c50 10875       3       com.google.common.base.Splitter::splittingIterator (12 bytes)
Event: 112.389 Thread 0x0000026c7f272c50 nmethod 10875 0x0000026c0866a690 code [0x0000026c0866a840, 0x0000026c0866aa48]
Event: 112.389 Thread 0x0000026c7f272c50 10876       3       com.google.common.base.Splitter$1::iterator (7 bytes)
Event: 112.390 Thread 0x0000026c7f272c50 nmethod 10876 0x0000026c0866a290 code [0x0000026c0866a440, 0x0000026c0866a588]
Event: 112.390 Thread 0x0000026c7f272c50 10877       3       com.google.common.base.Splitter$1::iterator (11 bytes)
Event: 112.390 Thread 0x0000026c7f272c50 nmethod 10877 0x0000026c08669d90 code [0x0000026c08669f40, 0x0000026c0866a1a8]
Event: 112.390 Thread 0x0000026c7f272c50 10878       3       com.google.common.base.Splitter$1$1::<init> (12 bytes)
Event: 112.390 Thread 0x0000026c7f272c50 nmethod 10878 0x0000026c08669990 code [0x0000026c08669b40, 0x0000026c08669ce8]

GC Heap History (20 events):
Event: 90.715 GC heap after
{Heap after GC invocations=37 (full 0):
 garbage-first heap   total 283648K, used 157289K [0x0000000082800000, 0x0000000100000000)
  region size 1024K, 1 young (1024K), 1 survivors (1024K)
 Metaspace       used 61836K, committed 62912K, reserved 1105920K
  class space    used 8509K, committed 9024K, reserved 1048576K
}
Event: 94.082 GC heap before
{Heap before GC invocations=37 (full 0):
 garbage-first heap   total 283648K, used 232041K [0x0000000082800000, 0x0000000100000000)
  region size 1024K, 74 young (75776K), 1 survivors (1024K)
 Metaspace       used 67011K, committed 68160K, reserved 1114112K
  class space    used 9293K, committed 9792K, reserved 1048576K
}
Event: 94.097 GC heap after
{Heap after GC invocations=38 (full 0):
 garbage-first heap   total 283648K, used 160894K [0x0000000082800000, 0x0000000100000000)
  region size 1024K, 5 young (5120K), 5 survivors (5120K)
 Metaspace       used 67011K, committed 68160K, reserved 1114112K
  class space    used 9293K, committed 9792K, reserved 1048576K
}
Event: 97.721 GC heap before
{Heap before GC invocations=38 (full 0):
 garbage-first heap   total 283648K, used 232574K [0x0000000082800000, 0x0000000100000000)
  region size 1024K, 76 young (77824K), 5 survivors (5120K)
 Metaspace       used 70586K, committed 71808K, reserved 1114112K
  class space    used 9775K, committed 10304K, reserved 1048576K
}
Event: 97.741 GC heap after
{Heap after GC invocations=39 (full 0):
 garbage-first heap   total 283648K, used 165758K [0x0000000082800000, 0x0000000100000000)
  region size 1024K, 9 young (9216K), 9 survivors (9216K)
 Metaspace       used 70586K, committed 71808K, reserved 1114112K
  class space    used 9775K, committed 10304K, reserved 1048576K
}
Event: 101.930 GC heap before
{Heap before GC invocations=39 (full 0):
 garbage-first heap   total 283648K, used 235390K [0x0000000082800000, 0x0000000100000000)
  region size 1024K, 78 young (79872K), 9 survivors (9216K)
 Metaspace       used 76506K, committed 77696K, reserved 1122304K
  class space    used 10524K, committed 11008K, reserved 1048576K
}
Event: 101.957 GC heap after
{Heap after GC invocations=40 (full 0):
 garbage-first heap   total 283648K, used 170371K [0x0000000082800000, 0x0000000100000000)
  region size 1024K, 10 young (10240K), 10 survivors (10240K)
 Metaspace       used 76506K, committed 77696K, reserved 1122304K
  class space    used 10524K, committed 11008K, reserved 1048576K
}
Event: 105.498 GC heap before
{Heap before GC invocations=40 (full 0):
 garbage-first heap   total 283648K, used 237955K [0x0000000082800000, 0x0000000100000000)
  region size 1024K, 74 young (75776K), 10 survivors (10240K)
 Metaspace       used 79955K, committed 81088K, reserved 1122304K
  class space    used 11101K, committed 11584K, reserved 1048576K
}
Event: 105.519 GC heap after
{Heap after GC invocations=41 (full 0):
 garbage-first heap   total 283648K, used 172596K [0x0000000082800000, 0x0000000100000000)
  region size 1024K, 7 young (7168K), 7 survivors (7168K)
 Metaspace       used 79955K, committed 81088K, reserved 1122304K
  class space    used 11101K, committed 11584K, reserved 1048576K
}
Event: 107.908 GC heap before
{Heap before GC invocations=41 (full 0):
 garbage-first heap   total 283648K, used 239156K [0x0000000082800000, 0x0000000100000000)
  region size 1024K, 72 young (73728K), 7 survivors (7168K)
 Metaspace       used 82525K, committed 83776K, reserved 1122304K
  class space    used 11498K, committed 12096K, reserved 1048576K
}
Event: 107.928 GC heap after
{Heap after GC invocations=42 (full 0):
 garbage-first heap   total 283648K, used 176314K [0x0000000082800000, 0x0000000100000000)
  region size 1024K, 6 young (6144K), 6 survivors (6144K)
 Metaspace       used 82525K, committed 83776K, reserved 1122304K
  class space    used 11498K, committed 12096K, reserved 1048576K
}
Event: 108.114 GC heap before
{Heap before GC invocations=42 (full 0):
 garbage-first heap   total 283648K, used 238778K [0x0000000082800000, 0x0000000100000000)
  region size 1024K, 68 young (69632K), 6 survivors (6144K)
 Metaspace       used 82607K, committed 83840K, reserved 1122304K
  class space    used 11515K, committed 12096K, reserved 1048576K
}
Event: 108.130 GC heap after
{Heap after GC invocations=43 (full 0):
 garbage-first heap   total 283648K, used 178449K [0x0000000082800000, 0x0000000100000000)
  region size 1024K, 6 young (6144K), 6 survivors (6144K)
 Metaspace       used 82607K, committed 83840K, reserved 1122304K
  class space    used 11515K, committed 12096K, reserved 1048576K
}
Event: 108.338 GC heap before
{Heap before GC invocations=43 (full 0):
 garbage-first heap   total 283648K, used 240913K [0x0000000082800000, 0x0000000100000000)
  region size 1024K, 67 young (68608K), 6 survivors (6144K)
 Metaspace       used 82837K, committed 84096K, reserved 1122304K
  class space    used 11540K, committed 12096K, reserved 1048576K
}
Event: 108.352 GC heap after
{Heap after GC invocations=44 (full 0):
 garbage-first heap   total 283648K, used 180188K [0x0000000082800000, 0x0000000100000000)
  region size 1024K, 6 young (6144K), 6 survivors (6144K)
 Metaspace       used 82837K, committed 84096K, reserved 1122304K
  class space    used 11540K, committed 12096K, reserved 1048576K
}
Event: 108.539 GC heap before
{Heap before GC invocations=44 (full 0):
 garbage-first heap   total 283648K, used 240604K [0x0000000082800000, 0x0000000100000000)
  region size 1024K, 66 young (67584K), 6 survivors (6144K)
 Metaspace       used 82926K, committed 84224K, reserved 1122304K
  class space    used 11560K, committed 12160K, reserved 1048576K
}
Event: 108.547 GC heap after
{Heap after GC invocations=45 (full 0):
 garbage-first heap   total 283648K, used 180370K [0x0000000082800000, 0x0000000100000000)
  region size 1024K, 4 young (4096K), 4 survivors (4096K)
 Metaspace       used 82926K, committed 84224K, reserved 1122304K
  class space    used 11560K, committed 12160K, reserved 1048576K
}
Event: 108.644 GC heap before
{Heap before GC invocations=45 (full 0):
 garbage-first heap   total 283648K, used 242834K [0x0000000082800000, 0x0000000100000000)
  region size 1024K, 66 young (67584K), 4 survivors (4096K)
 Metaspace       used 82982K, committed 84288K, reserved 1122304K
  class space    used 11568K, committed 12160K, reserved 1048576K
}
Event: 108.656 GC heap after
{Heap after GC invocations=46 (full 0):
 garbage-first heap   total 283648K, used 180375K [0x0000000082800000, 0x0000000100000000)
  region size 1024K, 4 young (4096K), 4 survivors (4096K)
 Metaspace       used 82982K, committed 84288K, reserved 1122304K
  class space    used 11568K, committed 12160K, reserved 1048576K
}
Event: 112.395 GC heap before
{Heap before GC invocations=46 (full 0):
 garbage-first heap   total 283648K, used 244887K [0x0000000082800000, 0x0000000100000000)
  region size 1024K, 68 young (69632K), 4 survivors (4096K)
 Metaspace       used 83977K, committed 85248K, reserved 1122304K
  class space    used 11687K, committed 12288K, reserved 1048576K
}

Dll operation events (13 events):
Event: 0.065 Loaded shared library C:\Program Files\Pylo\MCreator\jdk\bin\java.dll
Event: 0.108 Loaded shared library C:\Program Files\Pylo\MCreator\jdk\bin\jsvml.dll
Event: 0.620 Loaded shared library C:\Program Files\Pylo\MCreator\jdk\bin\net.dll
Event: 0.626 Loaded shared library C:\Program Files\Pylo\MCreator\jdk\bin\nio.dll
Event: 0.638 Loaded shared library C:\Program Files\Pylo\MCreator\jdk\bin\zip.dll
Event: 0.884 Loaded shared library C:\Program Files\Pylo\MCreator\jdk\bin\jimage.dll
Event: 4.419 Loaded shared library C:\Program Files\Pylo\MCreator\jdk\bin\verify.dll
Event: 20.885 Loaded shared library C:\Program Files\Pylo\MCreator\jdk\bin\management.dll
Event: 20.895 Loaded shared library C:\Program Files\Pylo\MCreator\jdk\bin\management_ext.dll
Event: 53.940 Loaded shared library C:\Users\HyperHax\AppData\Local\Temp\jna--49702733\jna10247929944739604719.dll
Event: 94.476 Loaded shared library C:\Users\HyperHax\AppData\Local\Temp\lwjglHyperHax\3.3.1-build-7\lwjgl.dll
Event: 99.047 Loaded shared library C:\Users\HyperHax\AppData\Local\Temp\lwjglHyperHax\3.3.1-build-7\lwjgl_opengl.dll
Event: 99.394 Loaded shared library C:\Users\HyperHax\AppData\Local\Temp\lwjglHyperHax\3.3.1-build-7\lwjgl_stb.dll

Deoptimization events (20 events):
Event: 110.732 Thread 0x0000026c20ab2850 Uncommon trap: trap_request=0xffffffc6 fr.pc=0x0000026c0fc51434 relative=0x0000000000000314
Event: 110.732 Thread 0x0000026c20ab2850 Uncommon trap: reason=bimorphic_or_optimized_type_check action=maybe_recompile pc=0x0000026c0fc51434 method=com.google.common.base.Objects.equal(Ljava/lang/Object;Ljava/lang/Object;)Z @ 11 c2
Event: 110.732 Thread 0x0000026c20ab2850 DEOPT PACKING pc=0x0000026c0fc51434 sp=0x000000d6ab0fe8f0
Event: 110.732 Thread 0x0000026c20ab2850 DEOPT UNPACKING pc=0x0000026c07a7239d sp=0x000000d6ab0fe898 mode 2
Event: 110.732 Thread 0x0000026c20ab2850 Uncommon trap: trap_request=0xffffffc6 fr.pc=0x0000026c0fc51434 relative=0x0000000000000314
Event: 110.732 Thread 0x0000026c20ab2850 Uncommon trap: reason=bimorphic_or_optimized_type_check action=maybe_recompile pc=0x0000026c0fc51434 method=com.google.common.base.Objects.equal(Ljava/lang/Object;Ljava/lang/Object;)Z @ 11 c2
Event: 110.732 Thread 0x0000026c20ab2850 DEOPT PACKING pc=0x0000026c0fc51434 sp=0x000000d6ab0fe8f0
Event: 110.732 Thread 0x0000026c20ab2850 DEOPT UNPACKING pc=0x0000026c07a7239d sp=0x000000d6ab0fe898 mode 2
Event: 110.733 Thread 0x0000026c20ab2850 Uncommon trap: trap_request=0xffffffc6 fr.pc=0x0000026c0fc51434 relative=0x0000000000000314
Event: 110.733 Thread 0x0000026c20ab2850 Uncommon trap: reason=bimorphic_or_optimized_type_check action=maybe_recompile pc=0x0000026c0fc51434 method=com.google.common.base.Objects.equal(Ljava/lang/Object;Ljava/lang/Object;)Z @ 11 c2
Event: 110.733 Thread 0x0000026c20ab2850 DEOPT PACKING pc=0x0000026c0fc51434 sp=0x000000d6ab0fe8f0
Event: 110.733 Thread 0x0000026c20ab2850 DEOPT UNPACKING pc=0x0000026c07a7239d sp=0x000000d6ab0fe898 mode 2
Event: 110.733 Thread 0x0000026c20ab2850 Uncommon trap: trap_request=0xffffffc6 fr.pc=0x0000026c0fc51434 relative=0x0000000000000314
Event: 110.733 Thread 0x0000026c20ab2850 Uncommon trap: reason=bimorphic_or_optimized_type_check action=maybe_recompile pc=0x0000026c0fc51434 method=com.google.common.base.Objects.equal(Ljava/lang/Object;Ljava/lang/Object;)Z @ 11 c2
Event: 110.733 Thread 0x0000026c20ab2850 DEOPT PACKING pc=0x0000026c0fc51434 sp=0x000000d6ab0fe8f0
Event: 110.733 Thread 0x0000026c20ab2850 DEOPT UNPACKING pc=0x0000026c07a7239d sp=0x000000d6ab0fe898 mode 2
Event: 112.148 Thread 0x0000026c20ab2850 Uncommon trap: trap_request=0xffffff45 fr.pc=0x0000026c0f58dd9c relative=0x00000000000013fc
Event: 112.148 Thread 0x0000026c20ab2850 Uncommon trap: reason=unstable_if action=reinterpret pc=0x0000026c0f58dd9c method=java.util.HashMap.computeIfAbsent(Ljava/lang/Object;Ljava/util/function/Function;)Ljava/lang/Object; @ 145 c2
Event: 112.148 Thread 0x0000026c20ab2850 DEOPT PACKING pc=0x0000026c0f58dd9c sp=0x000000d6ab0fea20
Event: 112.148 Thread 0x0000026c20ab2850 DEOPT UNPACKING pc=0x0000026c07a7239d sp=0x000000d6ab0fe9d8 mode 2

Classes unloaded (0 events):
No events

Classes redefined (0 events):
No events

Internal exceptions (20 events):
Event: 108.551 Thread 0x0000026c20ab36c0 Exception <a 'sun/nio/fs/WindowsException'{0x00000000fff55588}> (0x00000000fff55588) 
thrown [s\src\hotspot\share\prims\jni.cpp, line 516]
Event: 108.553 Thread 0x0000026c20ab36c0 Exception <a 'sun/nio/fs/WindowsException'{0x00000000fff5c2a8}> (0x00000000fff5c2a8) 
thrown [s\src\hotspot\share\prims\jni.cpp, line 516]
Event: 108.576 Thread 0x0000026c20ab36c0 Exception <a 'sun/nio/fs/WindowsException'{0x00000000fffb4b48}> (0x00000000fffb4b48) 
thrown [s\src\hotspot\share\prims\jni.cpp, line 516]
Event: 108.634 Thread 0x0000026c20ab36c0 Exception <a 'sun/nio/fs/WindowsException'{0x0000000090b9cf50}> (0x0000000090b9cf50) 
thrown [s\src\hotspot\share\prims\jni.cpp, line 516]
Event: 108.639 Thread 0x0000026c20ab36c0 Exception <a 'sun/nio/fs/WindowsException'{0x0000000090ba7ed8}> (0x0000000090ba7ed8) 
thrown [s\src\hotspot\share\prims\jni.cpp, line 516]
Event: 108.661 Thread 0x0000026c20ab36c0 Exception <a 'sun/nio/fs/WindowsException'{0x00000000fff10118}> (0x00000000fff10118) 
thrown [s\src\hotspot\share\prims\jni.cpp, line 516]
Event: 108.669 Thread 0x0000026c20ab36c0 Exception <a 'sun/nio/fs/WindowsException'{0x00000000fff37d28}> (0x00000000fff37d28) 
thrown [s\src\hotspot\share\prims\jni.cpp, line 516]
Event: 108.671 Thread 0x0000026c20ab36c0 Exception <a 'sun/nio/fs/WindowsException'{0x00000000fff3ce10}> (0x00000000fff3ce10) 
thrown [s\src\hotspot\share\prims\jni.cpp, line 516]
Event: 108.674 Thread 0x0000026c20ab36c0 Exception <a 'sun/nio/fs/WindowsException'{0x00000000fff47758}> (0x00000000fff47758) 
thrown [s\src\hotspot\share\prims\jni.cpp, line 516]
Event: 108.678 Thread 0x0000026c20ab36c0 Exception <a 'sun/nio/fs/WindowsException'{0x00000000fff783f8}> (0x00000000fff783f8) 
thrown [s\src\hotspot\share\prims\jni.cpp, line 516]
Event: 108.680 Thread 0x0000026c20ab36c0 Exception <a 'sun/nio/fs/WindowsException'{0x00000000fff85968}> (0x00000000fff85968) 
thrown [s\src\hotspot\share\prims\jni.cpp, line 516]
Event: 108.682 Thread 0x0000026c20ab36c0 Exception <a 'sun/nio/fs/WindowsException'{0x00000000fff8bf70}> (0x00000000fff8bf70) 
thrown [s\src\hotspot\share\prims\jni.cpp, line 516]
Event: 108.758 Thread 0x0000026c20ab36c0 Exception <a 'sun/nio/fs/WindowsException'{0x00000000fff8eb60}> (0x00000000fff8eb60) 
thrown [s\src\hotspot\share\prims\jni.cpp, line 516]
Event: 108.760 Thread 0x0000026c20ab36c0 Exception <a 'sun/nio/fs/WindowsException'{0x00000000fff91648}> (0x00000000fff91648) 
thrown [s\src\hotspot\share\prims\jni.cpp, line 516]
Event: 108.763 Thread 0x0000026c20ab36c0 Exception <a 'sun/nio/fs/WindowsException'{0x00000000fff96480}> (0x00000000fff96480) 
thrown [s\src\hotspot\share\prims\jni.cpp, line 516]
Event: 108.765 Thread 0x0000026c20ab36c0 Exception <a 'sun/nio/fs/WindowsException'{0x00000000fff99018}> (0x00000000fff99018) 
thrown [s\src\hotspot\share\prims\jni.cpp, line 516]
Event: 109.385 Thread 0x0000026c20ab36c0 Exception <a 'java/lang/NoSuchMethodError'{0x0000000091d1dc18}: 'java.lang.Object java.lang.invoke.DirectMethodHandle$Holder.invokeSpecial(java.lang.Object, java.lang.Object, float)'> (0x0000000091d1dc18) 
thrown [s\src\hotspot\share\interpreter\linkResolver.cpp, line 759]
Event: 109.764 Thread 0x0000026c20ab2850 Exception <a 'java/lang/NoSuchMethodError'{0x00000000918434b0}: 'void java.lang.invoke.DirectMethodHandle$Holder.invokeSpecial(java.lang.Object, java.lang.Object, java.lang.Object, java.lang.Object, java.lang.Object, java.lang.Object, java.lang.Object, java.lang.Object)'> (0x00000000918434b0) 
thrown [s\src\hotspot\share\interpreter\linkResolver.cpp, line 759]
Event: 112.352 Thread 0x0000026c20aae4f0 Exception <a 'sun/nio/fs/WindowsException'{0x000000008f987798}> (0x000000008f987798) 
thrown [s\src\hotspot\share\prims\jni.cpp, line 516]
Event: 112.353 Thread 0x0000026c20aae4f0 Exception <a 'sun/nio/fs/WindowsException'{0x000000008f988ac8}> (0x000000008f988ac8) 
thrown [s\src\hotspot\share\prims\jni.cpp, line 516]

VM Operations (20 events):
Event: 107.746 Executing VM operation: HandshakeAllThreads done
Event: 107.894 Executing VM operation: HandshakeAllThreads
Event: 107.908 Executing VM operation: HandshakeAllThreads done
Event: 107.908 Executing VM operation: G1CollectForAllocation
Event: 107.928 Executing VM operation: G1CollectForAllocation done
Event: 107.996 Executing VM operation: HandshakeAllThreads
Event: 108.047 Executing VM operation: HandshakeAllThreads done
Event: 108.087 Executing VM operation: G1CollectForAllocation
Event: 108.132 Executing VM operation: G1CollectForAllocation done
Event: 108.334 Executing VM operation: G1CollectForAllocation
Event: 108.354 Executing VM operation: G1CollectForAllocation done
Event: 108.514 Executing VM operation: G1CollectForAllocation
Event: 108.550 Executing VM operation: G1CollectForAllocation done
Event: 108.644 Executing VM operation: G1CollectForAllocation
Event: 108.670 Executing VM operation: G1CollectForAllocation done
Event: 110.670 Executing VM operation: Cleanup
Event: 110.674 Executing VM operation: Cleanup done
Event: 111.674 Executing VM operation: Cleanup
Event: 111.681 Executing VM operation: Cleanup done
Event: 112.393 Executing VM operation: G1CollectForAllocation

Events (20 events):
Event: 107.806 Thread 0x0000026c20ab2850 Thread added: 0x0000026c20ab2850
Event: 107.811 loading class java/util/stream/ForEachOps$ForEachTask
Event: 107.811 loading class java/util/stream/ForEachOps$ForEachTask done
Event: 107.834 Thread 0x0000026c2c246b00 Thread added: 0x0000026c2c246b00
Event: 107.993 loading class java/util/concurrent/CompletableFuture$UniRun
Event: 107.993 loading class java/util/concurrent/CompletableFuture$UniRun done
Event: 108.130 loading class java/util/concurrent/CompletableFuture$BiApply
Event: 108.132 loading class java/util/concurrent/CompletableFuture$BiApply done
Event: 108.363 loading class java/util/concurrent/CompletableFuture$UniAccept
Event: 108.363 loading class java/util/concurrent/CompletableFuture$UniAccept done
Event: 108.497 loading class java/util/concurrent/CompletableFuture$OrApply
Event: 108.498 loading class java/util/concurrent/CompletableFuture$OrApply done
Event: 108.505 Thread 0x0000026c20aae9c0 Thread added: 0x0000026c20aae9c0
Event: 109.297 loading class java/util/function/IntToDoubleFunction
Event: 109.298 loading class java/util/function/IntToDoubleFunction done
Event: 109.710 loading class java/lang/FdLibm$Hypot
Event: 109.710 loading class java/lang/FdLibm$Hypot done
Event: 109.711 loading class java/lang/FdLibm
Event: 109.711 loading class java/lang/FdLibm done
Event: 110.965 Thread 0x0000026c2c246b00 Thread exited: 0x0000026c2c246b00


Dynamic libraries:
0x00007ff622890000 - 0x00007ff62289e000 	C:\Program Files\Pylo\MCreator\jdk\bin\java.exe
0x00007fffd07d0000 - 0x00007fffd09e4000 	C:\WINDOWS\SYSTEM32\ntdll.dll
0x00007fffced60000 - 0x00007fffcee23000 	C:\WINDOWS\System32\KERNEL32.DLL
0x00007fffce060000 - 0x00007fffce3fc000 	C:\WINDOWS\System32\KERNELBASE.dll
0x00007fffca520000 - 0x00007fffca5b7000 	C:\WINDOWS\SYSTEM32\apphelp.dll
0x00007fffcddb0000 - 0x00007fffcdec1000 	C:\WINDOWS\System32\ucrtbase.dll
0x00007fffbfec0000 - 0x00007fffbfed7000 	C:\Program Files\Pylo\MCreator\jdk\bin\jli.dll
0x00007fffce890000 - 0x00007fffcea3d000 	C:\WINDOWS\System32\USER32.dll
0x00007fffcdc10000 - 0x00007fffcdc36000 	C:\WINDOWS\System32\win32u.dll
0x00007fffcfe60000 - 0x00007fffcfe89000 	C:\WINDOWS\System32\GDI32.dll
0x00007fffce4c0000 - 0x00007fffce5d3000 	C:\WINDOWS\System32\gdi32full.dll
0x00007fffcded0000 - 0x00007fffcdf6a000 	C:\WINDOWS\System32\msvcp_win.dll
0x00007fffc43b0000 - 0x00007fffc43c9000 	C:\Program Files\Pylo\MCreator\jdk\bin\VCRUNTIME140.dll
0x00007fffb27f0000 - 0x00007fffb2a7e000 	C:\WINDOWS\WinSxS\amd64_microsoft.windows.common-controls_6595b64144ccf1df_6.0.22621.608_none_a9444ca7c10bb01d\COMCTL32.dll
0x00007fffcec00000 - 0x00007fffceca7000 	C:\WINDOWS\System32\msvcrt.dll
0x00007fffce850000 - 0x00007fffce881000 	C:\WINDOWS\System32\IMM32.DLL
0x00007fffc72a0000 - 0x00007fffc72ac000 	C:\Program Files\Pylo\MCreator\jdk\bin\vcruntime140_1.dll
0x00007fff94390000 - 0x00007fff94421000 	C:\Program Files\Pylo\MCreator\jdk\bin\msvcp140.dll
0x00007fff8a0d0000 - 0x00007fff8ad14000 	C:\Program Files\Pylo\MCreator\jdk\bin\server\jvm.dll
0x00007fffd06e0000 - 0x00007fffd078e000 	C:\WINDOWS\System32\ADVAPI32.dll
0x00007fffce7a0000 - 0x00007fffce844000 	C:\WINDOWS\System32\sechost.dll
0x00007fffcf950000 - 0x00007fffcfa65000 	C:\WINDOWS\System32\RPCRT4.dll
0x00007fffb6290000 - 0x00007fffb6299000 	C:\WINDOWS\SYSTEM32\WSOCK32.dll
0x00007fffd0660000 - 0x00007fffd06d1000 	C:\WINDOWS\System32\WS2_32.dll
0x00007fffc58a0000 - 0x00007fffc58d4000 	C:\WINDOWS\SYSTEM32\WINMM.dll
0x00007fffbded0000 - 0x00007fffbdeda000 	C:\WINDOWS\SYSTEM32\VERSION.dll
0x00007fffccc20000 - 0x00007fffccc38000 	C:\WINDOWS\SYSTEM32\kernel.appcore.dll
0x00007fffc7280000 - 0x00007fffc728a000 	C:\Program Files\Pylo\MCreator\jdk\bin\jimage.dll
0x00007fffcb5d0000 - 0x00007fffcb7fe000 	C:\WINDOWS\SYSTEM32\DBGHELP.DLL
0x00007fffcfad0000 - 0x00007fffcfe59000 	C:\WINDOWS\System32\combase.dll
0x00007fffcff70000 - 0x00007fffd0047000 	C:\WINDOWS\System32\OLEAUT32.dll
0x00007fffba610000 - 0x00007fffba642000 	C:\WINDOWS\SYSTEM32\dbgcore.DLL
0x00007fffcdfe0000 - 0x00007fffce05b000 	C:\WINDOWS\System32\bcryptPrimitives.dll
0x00007fffb25d0000 - 0x00007fffb25f5000 	C:\Program Files\Pylo\MCreator\jdk\bin\java.dll
0x00007fff90fa0000 - 0x00007fff91076000 	C:\Program Files\Pylo\MCreator\jdk\bin\jsvml.dll
0x00007fffceea0000 - 0x00007fffcf690000 	C:\WINDOWS\System32\SHELL32.dll
0x00007fffcbbd0000 - 0x00007fffcc49e000 	C:\WINDOWS\SYSTEM32\windows.storage.dll
0x00007fffcba90000 - 0x00007fffcbbce000 	C:\WINDOWS\SYSTEM32\wintypes.dll
0x00007fffd0560000 - 0x00007fffd0651000 	C:\WINDOWS\System32\SHCORE.dll
0x00007fffcee40000 - 0x00007fffcee9e000 	C:\WINDOWS\System32\shlwapi.dll
0x00007fffcdb40000 - 0x00007fffcdb61000 	C:\WINDOWS\SYSTEM32\profapi.dll
0x00007fffb7850000 - 0x00007fffb7869000 	C:\Program Files\Pylo\MCreator\jdk\bin\net.dll
0x00007fffc5770000 - 0x00007fffc589f000 	C:\WINDOWS\SYSTEM32\WINHTTP.dll
0x00007fffcd080000 - 0x00007fffcd0e9000 	C:\WINDOWS\system32\mswsock.dll
0x00007fffb2a80000 - 0x00007fffb2a95000 	C:\Program Files\Pylo\MCreator\jdk\bin\nio.dll
0x00007fffb25b0000 - 0x00007fffb25c8000 	C:\Program Files\Pylo\MCreator\jdk\bin\zip.dll
0x00007fffbce40000 - 0x00007fffbce50000 	C:\Program Files\Pylo\MCreator\jdk\bin\verify.dll
0x00007fffc6fb0000 - 0x00007fffc6fb9000 	C:\Program Files\Pylo\MCreator\jdk\bin\management.dll
0x00007fffbf820000 - 0x00007fffbf82b000 	C:\Program Files\Pylo\MCreator\jdk\bin\management_ext.dll
0x00007fffcebf0000 - 0x00007fffcebf8000 	C:\WINDOWS\System32\PSAPI.DLL
0x00007fffb89d0000 - 0x00007fffb89e7000 	C:\WINDOWS\system32\napinsp.dll
0x00007fffb8870000 - 0x00007fffb888b000 	C:\WINDOWS\system32\pnrpnsp.dll
0x00007fffcc760000 - 0x00007fffcc853000 	C:\WINDOWS\SYSTEM32\DNSAPI.dll
0x00007fffcc6f0000 - 0x00007fffcc71d000 	C:\WINDOWS\SYSTEM32\IPHLPAPI.DLL
0x00007fffd0050000 - 0x00007fffd0059000 	C:\WINDOWS\System32\NSI.dll
0x00007fffb8850000 - 0x00007fffb8861000 	C:\WINDOWS\System32\winrnr.dll
0x00007fffa3190000 - 0x00007fffa31a5000 	C:\WINDOWS\system32\wshbth.dll
0x00007fffb2230000 - 0x00007fffb2251000 	C:\WINDOWS\system32\nlansp_c.dll
0x00007fffbe870000 - 0x00007fffbe87a000 	C:\Windows\System32\rasadhlp.dll
0x00007fffc43d0000 - 0x00007fffc4453000 	C:\WINDOWS\System32\fwpuclnt.dll
0x00007fffcd3a0000 - 0x00007fffcd3bb000 	C:\WINDOWS\SYSTEM32\CRYPTSP.dll
0x00007fffccb90000 - 0x00007fffccbc5000 	C:\WINDOWS\system32\rsaenh.dll
0x00007fffcd120000 - 0x00007fffcd148000 	C:\WINDOWS\SYSTEM32\USERENV.dll
0x00007fffcd4f0000 - 0x00007fffcd518000 	C:\WINDOWS\SYSTEM32\bcrypt.dll
0x00007fffcd380000 - 0x00007fffcd38c000 	C:\WINDOWS\SYSTEM32\CRYPTBASE.dll
0x00007fffc5ae0000 - 0x00007fffc5af9000 	C:\WINDOWS\SYSTEM32\dhcpcsvc6.DLL
0x00007fffc56e0000 - 0x00007fffc56ff000 	C:\WINDOWS\SYSTEM32\dhcpcsvc.DLL
0x00007fff93c70000 - 0x00007fff93cb5000 	C:\Users\HyperHax\AppData\Local\Temp\jna--49702733\jna10247929944739604719.dll
0x00007fffcf7b0000 - 0x00007fffcf94c000 	C:\WINDOWS\System32\Ole32.dll
0x00007fffcea40000 - 0x00007fffceaf0000 	C:\WINDOWS\System32\clbcatq.dll
0x00007fffbd710000 - 0x00007fffbd72d000 	C:\WINDOWS\SYSTEM32\amsi.dll
0x00007fffbd690000 - 0x00007fffbd70b000 	C:\ProgramData\Microsoft\Windows Defender\Platform\4.18.2302.7-0\MpOav.dll
0x00007fff93d10000 - 0x00007fff93d60000 	C:\WINDOWS\SYSTEM32\Pdh.dll
0x00007fffc86f0000 - 0x00007fffc8700000 	C:\WINDOWS\System32\perfos.dll
0x00007fffca7e0000 - 0x00007fffca7f0000 	C:\WINDOWS\SYSTEM32\pfclient.dll
0x00007fff8fb10000 - 0x00007fff8fb85000 	C:\Users\HyperHax\AppData\Local\Temp\lwjglHyperHax\3.3.1-build-7\lwjgl.dll
0x00007fff89b40000 - 0x00007fff89d99000 	C:\Users\HyperHax\AppData\Local\Temp\lwjglHyperHax\3.3.1-build-7\jemalloc.dll
0x00007fff8f8d0000 - 0x00007fff8f931000 	C:\Users\HyperHax\AppData\Local\Temp\lwjglHyperHax\3.3.1-build-7\glfw.dll
0x00007fff8f880000 - 0x00007fff8f8c6000 	C:\WINDOWS\SYSTEM32\dinput8.dll
0x00007fffab6d0000 - 0x00007fffab6e1000 	C:\WINDOWS\SYSTEM32\xinput1_4.dll
0x00007fffcd810000 - 0x00007fffcd85e000 	C:\WINDOWS\SYSTEM32\cfgmgr32.dll
0x00007fffcd7e0000 - 0x00007fffcd80c000 	C:\WINDOWS\SYSTEM32\DEVOBJ.dll
0x00007fffba2b0000 - 0x00007fffba4b1000 	C:\WINDOWS\SYSTEM32\inputhost.dll
0x00007fffca150000 - 0x00007fffca283000 	C:\WINDOWS\SYSTEM32\CoreMessaging.dll
0x00007fffcb040000 - 0x00007fffcb06b000 	C:\WINDOWS\SYSTEM32\dwmapi.dll
0x00007fffca700000 - 0x00007fffca7ab000 	C:\WINDOWS\system32\uxtheme.dll
0x00007fffcf690000 - 0x00007fffcf7ae000 	C:\WINDOWS\System32\MSCTF.dll
0x00007fffa2810000 - 0x00007fffa2910000 	C:\WINDOWS\SYSTEM32\opengl32.dll
0x00007fffa27e0000 - 0x00007fffa280d000 	C:\WINDOWS\SYSTEM32\GLU32.dll
0x00007fffcae20000 - 0x00007fffcae56000 	C:\WINDOWS\SYSTEM32\dxcore.dll
0x00007fffc7530000 - 0x00007fffc7579000 	C:\WINDOWS\SYSTEM32\directxdatabasehelper.dll
0x00007fff64b90000 - 0x00007fff65c35000 	C:\WINDOWS\System32\DriverStore\FileRepository\iigd_dch.inf_amd64_d8bdffa26077ee9a\ig9icd64.dll
0x00007fffcaf30000 - 0x00007fffcb027000 	C:\WINDOWS\system32\dxgi.dll
0x00007fff89850000 - 0x00007fff8997c000 	C:\WINDOWS\System32\DriverStore\FileRepository\iigd_dch.inf_amd64_d8bdffa26077ee9a\igdml64.dll
0x00007fffc3720000 - 0x00007fffc3b29000 	C:\WINDOWS\System32\DriverStore\FileRepository\iigd_dch.inf_amd64_d8bdffa26077ee9a\igdgmm64.dll
0x00007fffa3130000 - 0x00007fffa3169000 	C:\WINDOWS\SYSTEM32\ControlLib.dll
0x00007fffd0060000 - 0x00007fffd04d4000 	C:\WINDOWS\System32\SETUPAPI.dll
0x00007fffcdf70000 - 0x00007fffcdfdb000 	C:\WINDOWS\System32\WINTRUST.dll
0x00007fffcdc40000 - 0x00007fffcdda6000 	C:\WINDOWS\System32\CRYPT32.dll
0x00007fffcd3f0000 - 0x00007fffcd402000 	C:\WINDOWS\SYSTEM32\MSASN1.dll
0x00007fffbff50000 - 0x00007fffc36e4000 	C:\WINDOWS\System32\DriverStore\FileRepository\iigd_dch.inf_amd64_d8bdffa26077ee9a\igc64.dll
0x00007fffcdae0000 - 0x00007fffcdb2d000 	C:\WINDOWS\SYSTEM32\powrprof.dll
0x00007fffcda10000 - 0x00007fffcda23000 	C:\WINDOWS\SYSTEM32\UMPDC.dll
0x00007fffba030000 - 0x00007fffba15e000 	C:\WINDOWS\SYSTEM32\textinputframework.dll
0x00007fff8f820000 - 0x00007fff8f87d000 	C:\Users\HyperHax\AppData\Local\Temp\lwjglHyperHax\3.3.1-build-7\lwjgl_opengl.dll
0x00007fff8ecc0000 - 0x00007fff8ed41000 	C:\Users\HyperHax\AppData\Local\Temp\lwjglHyperHax\3.3.1-build-7\lwjgl_stb.dll
0x00007fffc78a0000 - 0x00007fffc795c000 	C:\WINDOWS\SYSTEM32\mscms.dll
0x00007fffb86a0000 - 0x00007fffb86e9000 	C:\WINDOWS\SYSTEM32\icm32.dll
0x00007fff896b0000 - 0x00007fff89847000 	C:\Users\HyperHax\AppData\Local\Temp\lwjglHyperHax\3.3.1-build-7\OpenAL.dll
0x00007fffbd8c0000 - 0x00007fffbd95d000 	C:\WINDOWS\System32\MMDevApi.dll
0x00007fff9fe40000 - 0x00007fff9fe5a000 	C:\Users\HyperHax\AppData\Local\Temp\jna--49702733\jna7682507172501786825.dll
0x00007fff89530000 - 0x00007fff896aa000 	C:\WINDOWS\System32\Speech\Common\sapi.dll

dbghelp: loaded successfully - version: 4.0.5 - missing functions: none
symbol engine: initialized successfully - sym options: 0x614 - pdb path: .;C:\Program Files\Pylo\MCreator\jdk\bin;C:\WINDOWS\SYSTEM32;C:\WINDOWS\WinSxS\amd64_microsoft.windows.common-controls_6595b64144ccf1df_6.0.22621.608_none_a9444ca7c10bb01d;C:\Program Files\Pylo\MCreator\jdk\bin\server;C:\Users\HyperHax\AppData\Local\Temp\jna--49702733;C:\ProgramData\Microsoft\Windows Defender\Platform\4.18.2302.7-0;C:\Users\HyperHax\AppData\Local\Temp\lwjglHyperHax\3.3.1-build-7;C:\WINDOWS\System32\DriverStore\FileRepository\iigd_dch.inf_amd64_d8bdffa26077ee9a;C:\WINDOWS\System32\Speech\Common

VM Arguments:
jvm_args: -Dforge.enableGameTest=true -Dforge.logging.console.level=debug -Dforge.logging.markers=REGISTRIES -DignoreList=bootstraplauncher,securejarhandler,asm-commons,asm-util,asm-analysis,asm-tree,asm,JarJarFileSystems,client-extra,fmlcore,javafmllanguage,lowcodelanguage,mclanguage,forge- -Djava.net.preferIPv6Addresses=system -DlegacyClassPath.file=C:\Users\HyperHax\MCreatorWorkspaces\hyperverseforge\build\classpath\runClient_minecraftClasspath.txt -DmergeModules=jna-5.10.0.jar,jna-platform-5.10.0.jar -Dos.version=10.0 --module-path=C:\Users\HyperHax\.mcreator\gradle\caches\modules-2\files-2.1\cpw.mods\bootstraplauncher\1.1.2\c546e00443d8432cda6baa1c860346980742628\bootstraplauncher-1.1.2.jar;C:\Users\HyperHax\.mcreator\gradle\caches\modules-2\files-2.1\cpw.mods\securejarhandler\2.1.4\f47e3b9dd860a7b82154b8f90a650ffd0aaa5582\securejarhandler-2.1.4.jar;C:\Users\HyperHax\.mcreator\gradle\caches\modules-2\files-2.1\org.ow2.asm\asm-commons\9.3\1f2a432d1212f5c352ae607d7b61dcae20c20af5\asm-commons-9.3.jar;C:\Users\HyperHax\.mcreator\gradle\caches\modules-2\files-2.1\org.ow2.asm\asm-util\9.3\9595bc05510d0bd4b610188b77333fe4851a1975\asm-util-9.3.jar;C:\Users\HyperHax\.mcreator\gradle\caches\modules-2\files-2.1\org.ow2.asm\asm-analysis\9.3\4b071f211b37c38e0e9f5998550197c8593f6ad8\asm-analysis-9.3.jar;C:\Users\HyperHax\.mcreator\gradle\caches\modules-2\files-2.1\org.ow2.asm\asm-tree\9.3\78d2ecd61318b5a58cd04fb237636c0e86b77d97\asm-tree-9.3.jar;C:\Users\HyperHax\.mcreator\gradle\caches\modules-2\files-2.1\org.ow2.asm\asm\9.3\8e6300ef51c1d801a7ed62d07cd221aca3a90640\asm-9.3.jar;C:\Users\HyperHax\.mcreator\gradle\caches\modules-2\files-2.1\net.minecraftforge\JarJarFileSystems\0.3.16\e52afbb2599dc7c6f779efea0496d32fc01152e3\JarJarFileSystems-0.3.16.jar --add-modules=ALL-MODULE-PATH --add-opens=java.base/java.util.jar=cpw.mods.securejarhandler --add-opens=java.base/java.lang.invoke=cpw.mods.securejarhandler --add-exports=java.base/sun.security.util=cpw.mods.securejarhandler --add-exports=jdk.naming.dns/com.sun.jndi.dns=java.naming -XX:HeapDumpPath=MojangTricksIntelDriversForPerformance_javaw.exe_minecraft.exe.heapdump -Dos.name=Windows 10 -Dfile.encoding=UTF-8 -Duser.country=US -Duser.language=en -Duser.variant 
java_command: cpw.mods.bootstraplauncher.BootstrapLauncher --launchTarget forgeclientuserdev --version MOD_DEV --assetIndex 1.19 --assetsDir C:\Users\HyperHax\.mcreator\gradle\caches\forge_gradle\assets --gameDir . --fml.forgeVersion 43.2.0 --fml.mcVersion 1.19.2 --fml.forgeGroup net.minecraftforge --fml.mcpVersion 20220805.130853
java_class_path (initial): C:\Users\HyperHax\MCreatorWorkspaces\hyperverseforge\build\classes\java\main;C:\Users\HyperHax\MCreatorWorkspaces\hyperverseforge\build\resources\main;C:\Users\HyperHax\MCreatorWorkspaces\hyperverseforge\build\fg_cache\net\minecraftforge\forge\1.19.2-43.2.0_mapped_official_1.19.2\forge-1.19.2-43.2.0_mapped_official_1.19.2.jar;C:\Users\HyperHax\.mcreator\gradle\caches\forge_gradle\minecraft_repo\versions\1.19.2\client-extra.jar;C:\Users\HyperHax\.mcreator\gradle\caches\modules-2\files-2.1\net.minecraftforge\javafmllanguage\1.19.2-43.2.0\5713dfd49576886a7ffc353f14f067ad42369592\javafmllanguage-1.19.2-43.2.0.jar;C:\Users\HyperHax\.mcreator\gradle\caches\modules-2\files-2.1\net.minecraftforge\lowcodelanguage\1.19.2-43.2.0\51c88985dd125457fb8b6c2c58a4f3b9349a6b57\lowcodelanguage-1.19.2-43.2.0.jar;C:\Users\HyperHax\.mcreator\gradle\caches\modules-2\files-2.1\net.minecraftforge\mclanguage\1.19.2-43.2.0\f4fa83ef8129c7f7cc5847fbafb07f7ae86c1bb\mclanguage-1.19.2-43.2.0.jar;C:\Users\HyperHax\.mcreator\gradle\caches\modules-2\files-2.1\net.minecraftforge\fmlcore\1.19.2-43.2.0\d4dcb5b809b7f035ac22b058941cf81f84451545\fmlcore-1.19.2-43.2.0.jar;C:\Users\HyperHax\.mcreator\gradle\caches\modules-2\files-2.1\net.minecraftforge\fmlloader\1.19.2-43.2.0\3e6e8b7b5e1dbc6ee01a20f74675f223b64c7847\fmlloader-1.19.2-43.2.0.jar;C:\Users\HyperHax\.mcreator\gradle\caches\modules-2\files-2.1\net.minecraftforge\JarJarSelector\0.3.16\2a31421fb5e267249da103a644f23afb43d158af\JarJarSelector-0.3.16.jar;C:\Users\HyperHax\.mcreator\gradle\caches\modules-2\files-2.1\net.minecraftforge\JarJarMetadata\0.3.16\f62c8c898dffc8666f5097a8587ed72095e8e83a\JarJarMetadata-0.3.16.jar;C:\Users\HyperHax\.mcreator\gradle\caches\modules-2\files-2.1\com.google.guava\guava\31.0.1-jre\119ea2b2bc205b138974d351777b20f02b92704b\guava-31.0.1-jre.jar;C:\Users\HyperHax\.mcreator\gradle\caches\modules-2\files-2.1\com.google.code.findbugs\jsr305\3.0.2\25ea2e8b0c338a877313bd4672d3fe056ea78f0d\jsr305-3.0
Launcher Type: SUN_STANDARD

[Global flags]
     intx CICompilerCount                          = 3                                         {product} {ergonomic}
     uint ConcGCThreads                            = 1                                         {product} {ergonomic}
     uint G1ConcRefinementThreads                  = 4                                         {product} {ergonomic}
   size_t G1HeapRegionSize                         = 1048576                                   {product} {ergonomic}
    uintx GCDrainStackTargetSize                   = 64                                        {product} {ergonomic}
    ccstr HeapDumpPath                             = MojangTricksIntelDriversForPerformance_javaw.exe_minecraft.exe.heapdump         {manageable} {command line}
   size_t InitialHeapSize                          = 132120576                                 {product} {ergonomic}
   size_t MarkStackSize                            = 4194304                                   {product} {ergonomic}
   size_t MaxHeapSize                              = 2105540608                                {product} {ergonomic}
   size_t MaxNewSize                               = 1262485504                                {product} {ergonomic}
   size_t MinHeapDeltaBytes                        = 1048576                                   {product} {ergonomic}
   size_t MinHeapSize                              = 8388608                                   {product} {ergonomic}
    uintx NonNMethodCodeHeapSize                   = 5832780                                {pd product} {ergonomic}
    uintx NonProfiledCodeHeapSize                  = 122912730                              {pd product} {ergonomic}
    uintx ProfiledCodeHeapSize                     = 122912730                              {pd product} {ergonomic}
    uintx ReservedCodeCacheSize                    = 251658240                              {pd product} {ergonomic}
     bool SegmentedCodeCache                       = true                                      {product} {ergonomic}
   size_t SoftMaxHeapSize                          = 2105540608                             {manageable} {ergonomic}
     bool UseCompressedClassPointers               = true                           {product lp64_product} {ergonomic}
     bool UseCompressedOops                        = true                           {product lp64_product} {ergonomic}
     bool UseG1GC                                  = true                                      {product} {ergonomic}
     bool UseLargePagesIndividualAllocation        = false                                  {pd product} {ergonomic}

Logging:
Log output configuration:
 #0: stdout all=warning uptime,level,tags
 #1: stderr all=off uptime,level,tags

Environment Variables:
JAVA_HOME=C:\Program Files\Pylo\MCreator\jdk
PATH=C:\Program Files\Common Files\Oracle\Java\javapath;C:\Program Files\Eclipse Adoptium\jdk-17.0.6.10-hotspot\bin;C:\Program Files (x86)\Common Files\Oracle\Java\javapath;C:\WINDOWS\system32;C:\WINDOWS;C:\WINDOWS\System32\Wbem;C:\WINDOWS\System32\WindowsPowerShell\v1.0\;C:\WINDOWS\System32\OpenSSH\;C:\Program Files\Intel\TXE Components\DAL\;C:\Program Files (x86)\Intel\TXE Components\DAL\;C:\Program Files\dotnet\;C:\Program Files\Git\cmd;C:\Program Files (x86)\GtkSharp\2.12\bin;C:\Program Files (x86)\nodejs\;C:\Program Files\Wiimm\WIT;C:\Program Files\Wiimm\SZS;C:\Users\HyperHax\AppData\Local\Programs\Python\Python311\Scripts\;C:\Users\HyperHax\AppData\Local\Programs\Python\Python311\;C:\Users\HyperHax\AppData\Local\Programs\Python\Python37\Scripts\;C:\Users\HyperHax\AppData\Local\Programs\Python\Python37\;C:\Users\HyperHax\AppData\Local\Microsoft\WindowsApps;C:\Users\HyperHax\AppData\Local\Programs\Microsoft VS Code\bin;C:\RetroArch-Win64;C:\Program Files\JetBrains\PyCharm Community Edition 2022.3.2\bin;;C:\Users\HyperHax\AppData\Roaming\npm;C:\Program Files\Wiimm\WIT;C:\Program Files\Wiimm\SZS;C:\Users\HyperHax\.dotnet\tools;C:\Program Files\Pylo\MCreator\jdk\bin
USERNAME=HyperHax
OS=Windows_NT
PROCESSOR_IDENTIFIER=Intel64 Family 6 Model 122 Stepping 8, GenuineIntel
TMP=C:\Users\HyperHax\AppData\Local\Temp
TEMP=C:\Users\HyperHax\AppData\Local\Temp



---------------  S Y S T E M  ---------------

OS:
 Windows 11 , 64 bit Build 22621 (10.0.22621.1344)
OS uptime: 1 days 16:40 hours
Hyper-V role detected

CPU: total 4 (initial active 4) (4 cores per cpu, 1 threads per core) family 6 model 122 stepping 8 microcode 0x18, cx8, cmov, fxsr, mmx, 3dnowpref, sse, sse2, sse3, ssse3, sse4.1, sse4.2, popcnt, tsc, tscinvbit, aes, erms, clmul, sha, clflush, clflushopt, hv

Memory: 4k page, system-wide physical 8028M (473M free)
TotalPageFile size 13075M (AvailPageFile size 81M)
current process WorkingSet (physical memory assigned to process): 668M, peak: 701M
current process commit charge ("private bytes"): 746M, peak: 874M

vm_info: OpenJDK 64-Bit Server VM (17.0.5+8) for windows-amd64 JRE (17.0.5+8), built on Oct 19 2022 04:48:13 by "temurin" with MS VC++ 16.7 (VS2019)

END.
